{"/Users/danielmarczydlo/Workspace/HomePlanner/src/domain/errors.ts": {"path":"/Users/danielmarczydlo/Workspace/HomePlanner/src/domain/errors.ts","statementMap":{"0":{"start":{"line":6,"column":4},"end":{"line":6,"column":null}},"1":{"start":{"line":3,"column":20},"end":{"line":3,"column":null}},"2":{"start":{"line":7,"column":4},"end":{"line":7,"column":null}},"3":{"start":{"line":13,"column":4},"end":{"line":13,"column":null}},"4":{"start":{"line":19,"column":4},"end":{"line":19,"column":null}},"5":{"start":{"line":25,"column":4},"end":{"line":25,"column":null}},"6":{"start":{"line":34,"column":4},"end":{"line":34,"column":null}},"7":{"start":{"line":32,"column":20},"end":{"line":32,"column":null}},"8":{"start":{"line":43,"column":4},"end":{"line":43,"column":null}},"9":{"start":{"line":41,"column":20},"end":{"line":41,"column":null}}},"fnMap":{"0":{"name":"(anonymous_0)","decl":{"start":{"line":2,"column":2},"end":{"line":2,"column":null}},"loc":{"start":{"line":5,"column":4},"end":{"line":8,"column":null}},"line":5},"1":{"name":"(anonymous_1)","decl":{"start":{"line":12,"column":2},"end":{"line":12,"column":14}},"loc":{"start":{"line":12,"column":48},"end":{"line":14,"column":null}},"line":12},"2":{"name":"(anonymous_2)","decl":{"start":{"line":18,"column":2},"end":{"line":18,"column":14}},"loc":{"start":{"line":18,"column":44},"end":{"line":20,"column":null}},"line":18},"3":{"name":"(anonymous_3)","decl":{"start":{"line":24,"column":2},"end":{"line":24,"column":14}},"loc":{"start":{"line":24,"column":45},"end":{"line":26,"column":null}},"line":24},"4":{"name":"(anonymous_4)","decl":{"start":{"line":30,"column":2},"end":{"line":30,"column":null}},"loc":{"start":{"line":33,"column":4},"end":{"line":35,"column":null}},"line":33},"5":{"name":"(anonymous_5)","decl":{"start":{"line":39,"column":2},"end":{"line":39,"column":null}},"loc":{"start":{"line":42,"column":4},"end":{"line":44,"column":null}},"line":42}},"branchMap":{"0":{"loc":{"start":{"line":12,"column":14},"end":{"line":12,"column":48}},"type":"default-arg","locations":[{"start":{"line":12,"column":32},"end":{"line":12,"column":48}}],"line":12},"1":{"loc":{"start":{"line":24,"column":14},"end":{"line":24,"column":45}},"type":"default-arg","locations":[{"start":{"line":24,"column":32},"end":{"line":24,"column":45}}],"line":24}},"s":{"0":31,"1":31,"2":31,"3":0,"4":5,"5":7,"6":18,"7":18,"8":0,"9":0},"f":{"0":31,"1":0,"2":5,"3":7,"4":18,"5":0},"b":{"0":[0],"1":[7]},"meta":{"lastBranch":2,"lastFunction":6,"lastStatement":10,"seen":{"f:2:2:2:Infinity":0,"s:6:4:6:Infinity":0,"s:3:20:3:Infinity":1,"s:7:4:7:Infinity":2,"f:12:2:12:14":1,"b:12:32:12:48":0,"s:13:4:13:Infinity":3,"f:18:2:18:14":2,"s:19:4:19:Infinity":4,"f:24:2:24:14":3,"b:24:32:24:45":1,"s:25:4:25:Infinity":5,"f:30:2:30:Infinity":4,"s:34:4:34:Infinity":6,"s:32:20:32:Infinity":7,"f:39:2:39:Infinity":5,"s:43:4:43:Infinity":8,"s:41:20:41:Infinity":9}}}
,"/Users/danielmarczydlo/Workspace/HomePlanner/src/domain/result.ts": {"path":"/Users/danielmarczydlo/Workspace/HomePlanner/src/domain/result.ts","statementMap":{"0":{"start":{"line":4,"column":2},"end":{"line":4,"column":null}},"1":{"start":{"line":8,"column":2},"end":{"line":8,"column":null}}},"fnMap":{"0":{"name":"ok","decl":{"start":{"line":3,"column":16},"end":{"line":3,"column":22}},"loc":{"start":{"line":3,"column":49},"end":{"line":5,"column":null}},"line":3},"1":{"name":"err","decl":{"start":{"line":7,"column":16},"end":{"line":7,"column":23}},"loc":{"start":{"line":7,"column":51},"end":{"line":9,"column":null}},"line":7}},"branchMap":{},"s":{"0":80,"1":31},"f":{"0":80,"1":31},"b":{},"meta":{"lastBranch":0,"lastFunction":2,"lastStatement":2,"seen":{"f:3:16:3:22":0,"s:4:2:4:Infinity":0,"f:7:16:7:23":1,"s:8:2:8:Infinity":1}}}
,"/Users/danielmarczydlo/Workspace/HomePlanner/src/lib/http/apiHelpers.ts": {"path":"/Users/danielmarczydlo/Workspace/HomePlanner/src/lib/http/apiHelpers.ts","statementMap":{"0":{"start":{"line":8,"column":15},"end":{"line":8,"column":null}},"1":{"start":{"line":10,"column":2},"end":{"line":21,"column":null}},"2":{"start":{"line":11,"column":4},"end":{"line":20,"column":null}},"3":{"start":{"line":23,"column":2},"end":{"line":23,"column":null}},"4":{"start":{"line":27,"column":2},"end":{"line":32,"column":null}},"5":{"start":{"line":28,"column":17},"end":{"line":28,"column":null}},"6":{"start":{"line":29,"column":4},"end":{"line":29,"column":null}},"7":{"start":{"line":31,"column":4},"end":{"line":31,"column":null}},"8":{"start":{"line":36,"column":2},"end":{"line":36,"column":null}},"9":{"start":{"line":40,"column":16},"end":{"line":40,"column":null}},"10":{"start":{"line":41,"column":2},"end":{"line":41,"column":null}},"11":{"start":{"line":41,"column":14},"end":{"line":41,"column":null}},"12":{"start":{"line":42,"column":17},"end":{"line":42,"column":null}},"13":{"start":{"line":43,"column":2},"end":{"line":43,"column":null}},"14":{"start":{"line":47,"column":16},"end":{"line":47,"column":null}},"15":{"start":{"line":48,"column":2},"end":{"line":48,"column":null}},"16":{"start":{"line":48,"column":14},"end":{"line":48,"column":null}},"17":{"start":{"line":49,"column":2},"end":{"line":49,"column":null}},"18":{"start":{"line":53,"column":46},"end":{"line":53,"column":null}},"19":{"start":{"line":54,"column":2},"end":{"line":57,"column":null}},"20":{"start":{"line":55,"column":17},"end":{"line":55,"column":null}},"21":{"start":{"line":56,"column":4},"end":{"line":56,"column":null}},"22":{"start":{"line":58,"column":2},"end":{"line":58,"column":null}},"23":{"start":{"line":66,"column":21},"end":{"line":66,"column":null}},"24":{"start":{"line":67,"column":2},"end":{"line":69,"column":null}},"25":{"start":{"line":68,"column":4},"end":{"line":68,"column":null}},"26":{"start":{"line":70,"column":2},"end":{"line":70,"column":null}},"27":{"start":{"line":78,"column":46},"end":{"line":78,"column":null}},"28":{"start":{"line":79,"column":2},"end":{"line":81,"column":null}},"29":{"start":{"line":80,"column":4},"end":{"line":80,"column":null}},"30":{"start":{"line":83,"column":21},"end":{"line":83,"column":null}},"31":{"start":{"line":84,"column":2},"end":{"line":86,"column":null}},"32":{"start":{"line":85,"column":4},"end":{"line":85,"column":null}},"33":{"start":{"line":87,"column":2},"end":{"line":87,"column":null}},"34":{"start":{"line":95,"column":21},"end":{"line":95,"column":null}},"35":{"start":{"line":96,"column":2},"end":{"line":98,"column":null}},"36":{"start":{"line":97,"column":4},"end":{"line":97,"column":null}},"37":{"start":{"line":100,"column":21},"end":{"line":100,"column":null}},"38":{"start":{"line":101,"column":2},"end":{"line":103,"column":null}},"39":{"start":{"line":102,"column":4},"end":{"line":102,"column":null}},"40":{"start":{"line":104,"column":2},"end":{"line":104,"column":null}},"41":{"start":{"line":112,"column":21},"end":{"line":112,"column":null}},"42":{"start":{"line":113,"column":2},"end":{"line":115,"column":null}},"43":{"start":{"line":114,"column":4},"end":{"line":114,"column":null}},"44":{"start":{"line":116,"column":2},"end":{"line":116,"column":null}},"45":{"start":{"line":123,"column":2},"end":{"line":137,"column":null}},"46":{"start":{"line":124,"column":4},"end":{"line":124,"column":null}},"47":{"start":{"line":126,"column":4},"end":{"line":126,"column":null}},"48":{"start":{"line":127,"column":4},"end":{"line":136,"column":null}}},"fnMap":{"0":{"name":"requireAuth","decl":{"start":{"line":7,"column":16},"end":{"line":7,"column":28}},"loc":{"start":{"line":7,"column":77},"end":{"line":24,"column":null}},"line":7},"1":{"name":"parseJSON","decl":{"start":{"line":26,"column":22},"end":{"line":26,"column":35}},"loc":{"start":{"line":26,"column":90},"end":{"line":33,"column":null}},"line":26},"2":{"name":"getQueryParam","decl":{"start":{"line":35,"column":16},"end":{"line":35,"column":30}},"loc":{"start":{"line":35,"column":74},"end":{"line":37,"column":null}},"line":35},"3":{"name":"getQueryParamAsInt","decl":{"start":{"line":39,"column":16},"end":{"line":39,"column":35}},"loc":{"start":{"line":39,"column":102},"end":{"line":44,"column":null}},"line":39},"4":{"name":"getQueryParamAsBoolean","decl":{"start":{"line":46,"column":16},"end":{"line":46,"column":39}},"loc":{"start":{"line":46,"column":108},"end":{"line":50,"column":null}},"line":46},"5":{"name":"formatZodErrors","decl":{"start":{"line":52,"column":9},"end":{"line":52,"column":25}},"loc":{"start":{"line":52,"column":68},"end":{"line":59,"column":null}},"line":52},"6":{"name":"(anonymous_6)","decl":{"start":{"line":54,"column":23},"end":{"line":54,"column":24}},"loc":{"start":{"line":54,"column":34},"end":{"line":57,"column":3}},"line":54},"7":{"name":"validatePathParams","decl":{"start":{"line":61,"column":16},"end":{"line":61,"column":null}},"loc":{"start":{"line":65,"column":30},"end":{"line":71,"column":null}},"line":65},"8":{"name":"validateQueryParams","decl":{"start":{"line":73,"column":16},"end":{"line":73,"column":null}},"loc":{"start":{"line":77,"column":30},"end":{"line":88,"column":null}},"line":77},"9":{"name":"(anonymous_9)","decl":{"start":{"line":79,"column":27},"end":{"line":79,"column":28}},"loc":{"start":{"line":79,"column":43},"end":{"line":81,"column":3}},"line":79},"10":{"name":"validateBody","decl":{"start":{"line":90,"column":22},"end":{"line":90,"column":null}},"loc":{"start":{"line":94,"column":39},"end":{"line":105,"column":null}},"line":94},"11":{"name":"validateResponse","decl":{"start":{"line":107,"column":16},"end":{"line":107,"column":null}},"loc":{"start":{"line":111,"column":30},"end":{"line":117,"column":null}},"line":111},"12":{"name":"handleApiRequest","decl":{"start":{"line":119,"column":22},"end":{"line":119,"column":null}},"loc":{"start":{"line":122,"column":21},"end":{"line":138,"column":null}},"line":122}},"branchMap":{"0":{"loc":{"start":{"line":10,"column":2},"end":{"line":21,"column":null}},"type":"if","locations":[{"start":{"line":10,"column":2},"end":{"line":21,"column":null}},{"start":{},"end":{}}],"line":10},"1":{"loc":{"start":{"line":10,"column":6},"end":{"line":10,"column":25}},"type":"binary-expr","locations":[{"start":{"line":10,"column":6},"end":{"line":10,"column":15}},{"start":{"line":10,"column":15},"end":{"line":10,"column":25}}],"line":10},"2":{"loc":{"start":{"line":36,"column":9},"end":{"line":36,"column":null}},"type":"binary-expr","locations":[{"start":{"line":36,"column":9},"end":{"line":36,"column":39}},{"start":{"line":36,"column":39},"end":{"line":36,"column":null}}],"line":36},"3":{"loc":{"start":{"line":41,"column":2},"end":{"line":41,"column":null}},"type":"if","locations":[{"start":{"line":41,"column":2},"end":{"line":41,"column":null}},{"start":{},"end":{}}],"line":41},"4":{"loc":{"start":{"line":43,"column":9},"end":{"line":43,"column":null}},"type":"cond-expr","locations":[{"start":{"line":43,"column":25},"end":{"line":43,"column":40}},{"start":{"line":43,"column":40},"end":{"line":43,"column":null}}],"line":43},"5":{"loc":{"start":{"line":48,"column":2},"end":{"line":48,"column":null}},"type":"if","locations":[{"start":{"line":48,"column":2},"end":{"line":48,"column":null}},{"start":{},"end":{}}],"line":48},"6":{"loc":{"start":{"line":49,"column":9},"end":{"line":49,"column":null}},"type":"binary-expr","locations":[{"start":{"line":49,"column":9},"end":{"line":49,"column":29}},{"start":{"line":49,"column":29},"end":{"line":49,"column":null}}],"line":49},"7":{"loc":{"start":{"line":64,"column":2},"end":{"line":64,"column":null}},"type":"default-arg","locations":[{"start":{"line":64,"column":25},"end":{"line":64,"column":null}}],"line":64},"8":{"loc":{"start":{"line":67,"column":2},"end":{"line":69,"column":null}},"type":"if","locations":[{"start":{"line":67,"column":2},"end":{"line":69,"column":null}},{"start":{},"end":{}}],"line":67},"9":{"loc":{"start":{"line":76,"column":2},"end":{"line":76,"column":null}},"type":"default-arg","locations":[{"start":{"line":76,"column":25},"end":{"line":76,"column":null}}],"line":76},"10":{"loc":{"start":{"line":84,"column":2},"end":{"line":86,"column":null}},"type":"if","locations":[{"start":{"line":84,"column":2},"end":{"line":86,"column":null}},{"start":{},"end":{}}],"line":84},"11":{"loc":{"start":{"line":93,"column":2},"end":{"line":93,"column":null}},"type":"default-arg","locations":[{"start":{"line":93,"column":25},"end":{"line":93,"column":null}}],"line":93},"12":{"loc":{"start":{"line":96,"column":2},"end":{"line":98,"column":null}},"type":"if","locations":[{"start":{"line":96,"column":2},"end":{"line":98,"column":null}},{"start":{},"end":{}}],"line":96},"13":{"loc":{"start":{"line":101,"column":2},"end":{"line":103,"column":null}},"type":"if","locations":[{"start":{"line":101,"column":2},"end":{"line":103,"column":null}},{"start":{},"end":{}}],"line":101},"14":{"loc":{"start":{"line":110,"column":2},"end":{"line":110,"column":null}},"type":"default-arg","locations":[{"start":{"line":110,"column":25},"end":{"line":110,"column":null}}],"line":110},"15":{"loc":{"start":{"line":113,"column":2},"end":{"line":115,"column":null}},"type":"if","locations":[{"start":{"line":113,"column":2},"end":{"line":115,"column":null}},{"start":{},"end":{}}],"line":113}},"s":{"0":31,"1":31,"2":2,"3":29,"4":0,"5":0,"6":0,"7":0,"8":0,"9":0,"10":0,"11":0,"12":0,"13":0,"14":0,"15":0,"16":0,"17":0,"18":7,"19":7,"20":7,"21":7,"22":7,"23":10,"24":10,"25":2,"26":8,"27":19,"28":19,"29":34,"30":19,"31":19,"32":5,"33":14,"34":0,"35":0,"36":0,"37":0,"38":0,"39":0,"40":0,"41":6,"42":6,"43":0,"44":6,"45":31,"46":31,"47":0,"48":0},"f":{"0":31,"1":0,"2":0,"3":0,"4":0,"5":7,"6":7,"7":10,"8":19,"9":34,"10":0,"11":6,"12":31},"b":{"0":[2,29],"1":[31,29],"2":[0,0],"3":[0,0],"4":[0,0],"5":[0,0],"6":[0,0],"7":[10],"8":[2,8],"9":[19],"10":[5,14],"11":[0],"12":[0,0],"13":[0,0],"14":[6],"15":[0,6]},"meta":{"lastBranch":16,"lastFunction":13,"lastStatement":49,"seen":{"f:7:16:7:28":0,"s:8:15:8:Infinity":0,"b:10:2:21:Infinity:undefined:undefined:undefined:undefined":0,"s:10:2:21:Infinity":1,"b:10:6:10:15:10:15:10:25":1,"s:11:4:20:Infinity":2,"s:23:2:23:Infinity":3,"f:26:22:26:35":1,"s:27:2:32:Infinity":4,"s:28:17:28:Infinity":5,"s:29:4:29:Infinity":6,"s:31:4:31:Infinity":7,"f:35:16:35:30":2,"s:36:2:36:Infinity":8,"b:36:9:36:39:36:39:36:Infinity":2,"f:39:16:39:35":3,"s:40:16:40:Infinity":9,"b:41:2:41:Infinity:undefined:undefined:undefined:undefined":3,"s:41:2:41:Infinity":10,"s:41:14:41:Infinity":11,"s:42:17:42:Infinity":12,"s:43:2:43:Infinity":13,"b:43:25:43:40:43:40:43:Infinity":4,"f:46:16:46:39":4,"s:47:16:47:Infinity":14,"b:48:2:48:Infinity:undefined:undefined:undefined:undefined":5,"s:48:2:48:Infinity":15,"s:48:14:48:Infinity":16,"s:49:2:49:Infinity":17,"b:49:9:49:29:49:29:49:Infinity":6,"f:52:9:52:25":5,"s:53:46:53:Infinity":18,"s:54:2:57:Infinity":19,"f:54:23:54:24":6,"s:55:17:55:Infinity":20,"s:56:4:56:Infinity":21,"s:58:2:58:Infinity":22,"f:61:16:61:Infinity":7,"b:64:25:64:Infinity":7,"s:66:21:66:Infinity":23,"b:67:2:69:Infinity:undefined:undefined:undefined:undefined":8,"s:67:2:69:Infinity":24,"s:68:4:68:Infinity":25,"s:70:2:70:Infinity":26,"f:73:16:73:Infinity":8,"b:76:25:76:Infinity":9,"s:78:46:78:Infinity":27,"s:79:2:81:Infinity":28,"f:79:27:79:28":9,"s:80:4:80:Infinity":29,"s:83:21:83:Infinity":30,"b:84:2:86:Infinity:undefined:undefined:undefined:undefined":10,"s:84:2:86:Infinity":31,"s:85:4:85:Infinity":32,"s:87:2:87:Infinity":33,"f:90:22:90:Infinity":10,"b:93:25:93:Infinity":11,"s:95:21:95:Infinity":34,"b:96:2:98:Infinity:undefined:undefined:undefined:undefined":12,"s:96:2:98:Infinity":35,"s:97:4:97:Infinity":36,"s:100:21:100:Infinity":37,"b:101:2:103:Infinity:undefined:undefined:undefined:undefined":13,"s:101:2:103:Infinity":38,"s:102:4:102:Infinity":39,"s:104:2:104:Infinity":40,"f:107:16:107:Infinity":11,"b:110:25:110:Infinity":14,"s:112:21:112:Infinity":41,"b:113:2:115:Infinity:undefined:undefined:undefined:undefined":15,"s:113:2:115:Infinity":42,"s:114:4:114:Infinity":43,"s:116:2:116:Infinity":44,"f:119:22:119:Infinity":12,"s:123:2:137:Infinity":45,"s:124:4:124:Infinity":46,"s:126:4:126:Infinity":47,"s:127:4:136:Infinity":48}}}
,"/Users/danielmarczydlo/Workspace/HomePlanner/src/lib/http/responseMapper.ts": {"path":"/Users/danielmarczydlo/Workspace/HomePlanner/src/lib/http/responseMapper.ts","statementMap":{"0":{"start":{"line":11,"column":2},"end":{"line":24,"column":null}},"1":{"start":{"line":12,"column":19},"end":{"line":12,"column":null}},"2":{"start":{"line":13,"column":17},"end":{"line":13,"column":null}},"3":{"start":{"line":15,"column":33},"end":{"line":15,"column":null}},"4":{"start":{"line":16,"column":4},"end":{"line":18,"column":null}},"5":{"start":{"line":17,"column":6},"end":{"line":17,"column":null}},"6":{"start":{"line":20,"column":4},"end":{"line":23,"column":null}},"7":{"start":{"line":26,"column":16},"end":{"line":26,"column":null}},"8":{"start":{"line":27,"column":21},"end":{"line":27,"column":null}},"9":{"start":{"line":29,"column":45},"end":{"line":32,"column":null}},"10":{"start":{"line":34,"column":2},"end":{"line":36,"column":null}},"11":{"start":{"line":35,"column":4},"end":{"line":35,"column":null}},"12":{"start":{"line":38,"column":2},"end":{"line":40,"column":null}},"13":{"start":{"line":39,"column":4},"end":{"line":39,"column":null}},"14":{"start":{"line":42,"column":2},"end":{"line":45,"column":null}}},"fnMap":{"0":{"name":"mapResultToResponse","decl":{"start":{"line":5,"column":16},"end":{"line":5,"column":null}},"loc":{"start":{"line":10,"column":12},"end":{"line":46,"column":null}},"line":10}},"branchMap":{"0":{"loc":{"start":{"line":11,"column":2},"end":{"line":24,"column":null}},"type":"if","locations":[{"start":{"line":11,"column":2},"end":{"line":24,"column":null}},{"start":{},"end":{}}],"line":11},"1":{"loc":{"start":{"line":12,"column":19},"end":{"line":12,"column":null}},"type":"binary-expr","locations":[{"start":{"line":12,"column":19},"end":{"line":12,"column":45}},{"start":{"line":12,"column":45},"end":{"line":12,"column":null}}],"line":12},"2":{"loc":{"start":{"line":13,"column":17},"end":{"line":13,"column":null}},"type":"cond-expr","locations":[{"start":{"line":13,"column":34},"end":{"line":13,"column":46}},{"start":{"line":13,"column":46},"end":{"line":13,"column":null}}],"line":13},"3":{"loc":{"start":{"line":16,"column":4},"end":{"line":18,"column":null}},"type":"if","locations":[{"start":{"line":16,"column":4},"end":{"line":18,"column":null}},{"start":{},"end":{}}],"line":16},"4":{"loc":{"start":{"line":27,"column":21},"end":{"line":27,"column":null}},"type":"binary-expr","locations":[{"start":{"line":27,"column":21},"end":{"line":27,"column":41}},{"start":{"line":27,"column":41},"end":{"line":27,"column":null}}],"line":27},"5":{"loc":{"start":{"line":34,"column":2},"end":{"line":36,"column":null}},"type":"if","locations":[{"start":{"line":34,"column":2},"end":{"line":36,"column":null}},{"start":{},"end":{}}],"line":34},"6":{"loc":{"start":{"line":34,"column":6},"end":{"line":34,"column":56}},"type":"binary-expr","locations":[{"start":{"line":34,"column":6},"end":{"line":34,"column":42}},{"start":{"line":34,"column":42},"end":{"line":34,"column":56}}],"line":34},"7":{"loc":{"start":{"line":38,"column":2},"end":{"line":40,"column":null}},"type":"if","locations":[{"start":{"line":38,"column":2},"end":{"line":40,"column":null}},{"start":{},"end":{}}],"line":38},"8":{"loc":{"start":{"line":38,"column":6},"end":{"line":38,"column":65}},"type":"binary-expr","locations":[{"start":{"line":38,"column":6},"end":{"line":38,"column":40}},{"start":{"line":38,"column":40},"end":{"line":38,"column":65}}],"line":38}},"s":{"0":29,"1":19,"2":19,"3":19,"4":19,"5":19,"6":19,"7":10,"8":10,"9":29,"10":29,"11":7,"12":10,"13":0,"14":10},"f":{"0":29},"b":{"0":[19,10],"1":[19,19],"2":[0,19],"3":[19,0],"4":[10,0],"5":[7,22],"6":[29,7],"7":[0,10],"8":[10,0]},"meta":{"lastBranch":9,"lastFunction":1,"lastStatement":15,"seen":{"f:5:16:5:Infinity":0,"b:11:2:24:Infinity:undefined:undefined:undefined:undefined":0,"s:11:2:24:Infinity":0,"s:12:19:12:Infinity":1,"b:12:19:12:45:12:45:12:Infinity":1,"s:13:17:13:Infinity":2,"b:13:34:13:46:13:46:13:Infinity":2,"s:15:33:15:Infinity":3,"b:16:4:18:Infinity:undefined:undefined:undefined:undefined":3,"s:16:4:18:Infinity":4,"s:17:6:17:Infinity":5,"s:20:4:23:Infinity":6,"s:26:16:26:Infinity":7,"s:27:21:27:Infinity":8,"b:27:21:27:41:27:41:27:Infinity":4,"s:29:45:32:Infinity":9,"b:34:2:36:Infinity:undefined:undefined:undefined:undefined":5,"s:34:2:36:Infinity":10,"b:34:6:34:42:34:42:34:56":6,"s:35:4:35:Infinity":11,"b:38:2:40:Infinity:undefined:undefined:undefined:undefined":7,"s:38:2:40:Infinity":12,"b:38:6:38:40:38:40:38:65":8,"s:39:4:39:Infinity":13,"s:42:2:45:Infinity":14}}}
,"/Users/danielmarczydlo/Workspace/HomePlanner/src/pages/api/families/[familyId]/members.ts": {"path":"/Users/danielmarczydlo/Workspace/HomePlanner/src/pages/api/families/[familyId]/members.ts","statementMap":{"0":{"start":{"line":8,"column":25},"end":{"line":8,"column":null}},"1":{"start":{"line":11,"column":2},"end":{"line":40,"column":null}},"2":{"start":{"line":12,"column":10},"end":{"line":12,"column":null}},"3":{"start":{"line":13,"column":4},"end":{"line":13,"column":null}},"4":{"start":{"line":13,"column":36},"end":{"line":13,"column":null}},"5":{"start":{"line":15,"column":10},"end":{"line":15,"column":null}},"6":{"start":{"line":16,"column":4},"end":{"line":18,"column":null}},"7":{"start":{"line":17,"column":6},"end":{"line":17,"column":null}},"8":{"start":{"line":20,"column":21},"end":{"line":20,"column":null}},"9":{"start":{"line":22,"column":26},"end":{"line":26,"column":null}},"10":{"start":{"line":27,"column":19},"end":{"line":27,"column":null}},"11":{"start":{"line":29,"column":4},"end":{"line":31,"column":null}},"12":{"start":{"line":30,"column":6},"end":{"line":30,"column":null}},"13":{"start":{"line":33,"column":25},"end":{"line":33,"column":null}},"14":{"start":{"line":34,"column":10},"end":{"line":34,"column":null}},"15":{"start":{"line":35,"column":4},"end":{"line":37,"column":null}},"16":{"start":{"line":36,"column":6},"end":{"line":36,"column":null}},"17":{"start":{"line":39,"column":4},"end":{"line":39,"column":null}}},"fnMap":{"0":{"name":"GET","decl":{"start":{"line":10,"column":22},"end":{"line":10,"column":26}},"loc":{"start":{"line":10,"column":77},"end":{"line":41,"column":null}},"line":10},"1":{"name":"(anonymous_1)","decl":{"start":{"line":11,"column":26},"end":{"line":11,"column":38}},"loc":{"start":{"line":11,"column":38},"end":{"line":40,"column":5}},"line":11}},"branchMap":{"0":{"loc":{"start":{"line":13,"column":4},"end":{"line":13,"column":null}},"type":"if","locations":[{"start":{"line":13,"column":4},"end":{"line":13,"column":null}},{"start":{},"end":{}}],"line":13},"1":{"loc":{"start":{"line":16,"column":4},"end":{"line":18,"column":null}},"type":"if","locations":[{"start":{"line":16,"column":4},"end":{"line":18,"column":null}},{"start":{},"end":{}}],"line":16},"2":{"loc":{"start":{"line":29,"column":4},"end":{"line":31,"column":null}},"type":"if","locations":[{"start":{"line":29,"column":4},"end":{"line":31,"column":null}},{"start":{},"end":{}}],"line":29},"3":{"loc":{"start":{"line":35,"column":4},"end":{"line":37,"column":null}},"type":"if","locations":[{"start":{"line":35,"column":4},"end":{"line":37,"column":null}},{"start":{},"end":{}}],"line":35}},"s":{"0":1,"1":11,"2":11,"3":11,"4":1,"5":10,"6":10,"7":2,"8":8,"9":8,"10":8,"11":8,"12":2,"13":6,"14":6,"15":6,"16":0,"17":6},"f":{"0":11,"1":11},"b":{"0":[1,10],"1":[2,8],"2":[2,6],"3":[0,6]},"meta":{"lastBranch":4,"lastFunction":2,"lastStatement":18,"seen":{"s:8:25:8:Infinity":0,"f:10:22:10:26":0,"s:11:2:40:Infinity":1,"f:11:26:11:38":1,"s:12:10:12:Infinity":2,"b:13:4:13:Infinity:undefined:undefined:undefined:undefined":0,"s:13:4:13:Infinity":3,"s:13:36:13:Infinity":4,"s:15:10:15:Infinity":5,"b:16:4:18:Infinity:undefined:undefined:undefined:undefined":1,"s:16:4:18:Infinity":6,"s:17:6:17:Infinity":7,"s:20:21:20:Infinity":8,"s:22:26:26:Infinity":9,"s:27:19:27:Infinity":10,"b:29:4:31:Infinity:undefined:undefined:undefined:undefined":2,"s:29:4:31:Infinity":11,"s:30:6:30:Infinity":12,"s:33:25:33:Infinity":13,"s:34:10:34:Infinity":14,"b:35:4:37:Infinity:undefined:undefined:undefined:undefined":3,"s:35:4:37:Infinity":15,"s:36:6:36:Infinity":16,"s:39:4:39:Infinity":17}}}
,"/Users/danielmarczydlo/Workspace/HomePlanner/src/pages/api/logs/index.ts": {"path":"/Users/danielmarczydlo/Workspace/HomePlanner/src/pages/api/logs/index.ts","statementMap":{"0":{"start":{"line":7,"column":25},"end":{"line":7,"column":null}},"1":{"start":{"line":10,"column":2},"end":{"line":23,"column":null}},"2":{"start":{"line":11,"column":10},"end":{"line":11,"column":null}},"3":{"start":{"line":12,"column":4},"end":{"line":12,"column":null}},"4":{"start":{"line":12,"column":36},"end":{"line":12,"column":null}},"5":{"start":{"line":14,"column":10},"end":{"line":14,"column":null}},"6":{"start":{"line":15,"column":4},"end":{"line":17,"column":null}},"7":{"start":{"line":16,"column":6},"end":{"line":16,"column":null}},"8":{"start":{"line":19,"column":23},"end":{"line":19,"column":null}},"9":{"start":{"line":20,"column":19},"end":{"line":20,"column":null}},"10":{"start":{"line":22,"column":4},"end":{"line":22,"column":null}}},"fnMap":{"0":{"name":"GET","decl":{"start":{"line":9,"column":22},"end":{"line":9,"column":26}},"loc":{"start":{"line":9,"column":74},"end":{"line":24,"column":null}},"line":9},"1":{"name":"(anonymous_1)","decl":{"start":{"line":10,"column":26},"end":{"line":10,"column":38}},"loc":{"start":{"line":10,"column":38},"end":{"line":23,"column":5}},"line":10}},"branchMap":{"0":{"loc":{"start":{"line":12,"column":4},"end":{"line":12,"column":null}},"type":"if","locations":[{"start":{"line":12,"column":4},"end":{"line":12,"column":null}},{"start":{},"end":{}}],"line":12},"1":{"loc":{"start":{"line":15,"column":4},"end":{"line":17,"column":null}},"type":"if","locations":[{"start":{"line":15,"column":4},"end":{"line":17,"column":null}},{"start":{},"end":{}}],"line":15}},"s":{"0":1,"1":20,"2":20,"3":20,"4":1,"5":19,"6":19,"7":5,"8":14,"9":14,"10":14},"f":{"0":20,"1":20},"b":{"0":[1,19],"1":[5,14]},"meta":{"lastBranch":2,"lastFunction":2,"lastStatement":11,"seen":{"s:7:25:7:Infinity":0,"f:9:22:9:26":0,"s:10:2:23:Infinity":1,"f:10:26:10:38":1,"s:11:10:11:Infinity":2,"b:12:4:12:Infinity:undefined:undefined:undefined:undefined":0,"s:12:4:12:Infinity":3,"s:12:36:12:Infinity":4,"s:14:10:14:Infinity":5,"b:15:4:17:Infinity:undefined:undefined:undefined:undefined":1,"s:15:4:17:Infinity":6,"s:16:6:16:Infinity":7,"s:19:23:19:Infinity":8,"s:20:19:20:Infinity":9,"s:22:4:22:Infinity":10}}}
,"/Users/danielmarczydlo/Workspace/HomePlanner/src/repositories/factory.ts": {"path":"/Users/danielmarczydlo/Workspace/HomePlanner/src/repositories/factory.ts","statementMap":{"0":{"start":{"line":33,"column":2},"end":{"line":39,"column":null}},"1":{"start":{"line":43,"column":2},"end":{"line":49,"column":null}},"2":{"start":{"line":53,"column":22},"end":{"line":53,"column":null}},"3":{"start":{"line":55,"column":21},"end":{"line":55,"column":null}},"4":{"start":{"line":57,"column":2},"end":{"line":59,"column":null}},"5":{"start":{"line":58,"column":4},"end":{"line":58,"column":null}},"6":{"start":{"line":61,"column":2},"end":{"line":65,"column":null}},"7":{"start":{"line":62,"column":4},"end":{"line":64,"column":null}},"8":{"start":{"line":67,"column":2},"end":{"line":67,"column":null}}},"fnMap":{"0":{"name":"createSQLRepositories","decl":{"start":{"line":32,"column":16},"end":{"line":32,"column":38}},"loc":{"start":{"line":32,"column":88},"end":{"line":40,"column":null}},"line":32},"1":{"name":"createInMemoryRepositories","decl":{"start":{"line":42,"column":16},"end":{"line":42,"column":59}},"loc":{"start":{"line":42,"column":59},"end":{"line":50,"column":null}},"line":42},"2":{"name":"createRepositories","decl":{"start":{"line":52,"column":16},"end":{"line":52,"column":35}},"loc":{"start":{"line":52,"column":86},"end":{"line":68,"column":null}},"line":52}},"branchMap":{"0":{"loc":{"start":{"line":57,"column":2},"end":{"line":59,"column":null}},"type":"if","locations":[{"start":{"line":57,"column":2},"end":{"line":59,"column":null}},{"start":{},"end":{}}],"line":57},"1":{"loc":{"start":{"line":57,"column":6},"end":{"line":57,"column":33}},"type":"binary-expr","locations":[{"start":{"line":57,"column":6},"end":{"line":57,"column":21}},{"start":{"line":57,"column":21},"end":{"line":57,"column":33}}],"line":57},"2":{"loc":{"start":{"line":61,"column":2},"end":{"line":65,"column":null}},"type":"if","locations":[{"start":{"line":61,"column":2},"end":{"line":65,"column":null}},{"start":{},"end":{}}],"line":61}},"s":{"0":0,"1":31,"2":0,"3":0,"4":0,"5":0,"6":0,"7":0,"8":0},"f":{"0":0,"1":31,"2":0},"b":{"0":[0,0],"1":[0,0],"2":[0,0]},"meta":{"lastBranch":3,"lastFunction":3,"lastStatement":9,"seen":{"f:32:16:32:38":0,"s:33:2:39:Infinity":0,"f:42:16:42:59":1,"s:43:2:49:Infinity":1,"f:52:16:52:35":2,"s:53:22:53:Infinity":2,"s:55:21:55:Infinity":3,"b:57:2:59:Infinity:undefined:undefined:undefined:undefined":0,"s:57:2:59:Infinity":4,"b:57:6:57:21:57:21:57:33":1,"s:58:4:58:Infinity":5,"b:61:2:65:Infinity:undefined:undefined:undefined:undefined":2,"s:61:2:65:Infinity":6,"s:62:4:64:Infinity":7,"s:67:2:67:Infinity":8}}}
,"/Users/danielmarczydlo/Workspace/HomePlanner/src/repositories/implementations/in-memory/InMemoryChildRepository.ts": {"path":"/Users/danielmarczydlo/Workspace/HomePlanner/src/repositories/implementations/in-memory/InMemoryChildRepository.ts","statementMap":{"0":{"start":{"line":4,"column":41},"end":{"line":4,"column":null}},"1":{"start":{"line":7,"column":4},"end":{"line":7,"column":null}},"2":{"start":{"line":7,"column":64},"end":{"line":7,"column":92}},"3":{"start":{"line":11,"column":4},"end":{"line":11,"column":null}}},"fnMap":{"0":{"name":"(anonymous_0)","decl":{"start":{"line":6,"column":8},"end":{"line":6,"column":23}},"loc":{"start":{"line":6,"column":59},"end":{"line":8,"column":null}},"line":6},"1":{"name":"(anonymous_1)","decl":{"start":{"line":7,"column":53},"end":{"line":7,"column":54}},"loc":{"start":{"line":7,"column":64},"end":{"line":7,"column":92}},"line":7},"2":{"name":"(anonymous_2)","decl":{"start":{"line":10,"column":2},"end":{"line":10,"column":11}},"loc":{"start":{"line":10,"column":31},"end":{"line":12,"column":null}},"line":10}},"branchMap":{},"s":{"0":62,"1":2,"2":1,"3":1},"f":{"0":2,"1":1,"2":1},"b":{},"meta":{"lastBranch":0,"lastFunction":3,"lastStatement":4,"seen":{"s:4:41:4:Infinity":0,"f:6:8:6:23":0,"s:7:4:7:Infinity":1,"f:7:53:7:54":1,"s:7:64:7:92":2,"f:10:2:10:11":2,"s:11:4:11:Infinity":3}}}
,"/Users/danielmarczydlo/Workspace/HomePlanner/src/repositories/implementations/in-memory/InMemoryEventRepository.ts": {"path":"/Users/danielmarczydlo/Workspace/HomePlanner/src/repositories/implementations/in-memory/InMemoryEventRepository.ts","statementMap":{"0":{"start":{"line":14,"column":39},"end":{"line":14,"column":null}},"1":{"start":{"line":15,"column":65},"end":{"line":15,"column":null}},"2":{"start":{"line":16,"column":165},"end":{"line":16,"column":null}},"3":{"start":{"line":19,"column":4},"end":{"line":19,"column":null}},"4":{"start":{"line":23,"column":28},"end":{"line":23,"column":null}},"5":{"start":{"line":24,"column":4},"end":{"line":34,"column":null}},"6":{"start":{"line":25,"column":6},"end":{"line":25,"column":null}},"7":{"start":{"line":25,"column":40},"end":{"line":25,"column":null}},"8":{"start":{"line":27,"column":6},"end":{"line":31,"column":null}},"9":{"start":{"line":28,"column":27},"end":{"line":28,"column":null}},"10":{"start":{"line":29,"column":8},"end":{"line":29,"column":null}},"11":{"start":{"line":29,"column":49},"end":{"line":29,"column":null}},"12":{"start":{"line":30,"column":8},"end":{"line":30,"column":null}},"13":{"start":{"line":30,"column":45},"end":{"line":30,"column":null}},"14":{"start":{"line":33,"column":6},"end":{"line":33,"column":null}},"15":{"start":{"line":35,"column":4},"end":{"line":35,"column":null}},"16":{"start":{"line":35,"column":33},"end":{"line":35,"column":73}},"17":{"start":{"line":39,"column":19},"end":{"line":43,"column":null}},"18":{"start":{"line":45,"column":21},"end":{"line":49,"column":null}},"19":{"start":{"line":46,"column":6},"end":{"line":46,"column":null}},"20":{"start":{"line":46,"column":67},"end":{"line":46,"column":null}},"21":{"start":{"line":47,"column":6},"end":{"line":47,"column":null}},"22":{"start":{"line":47,"column":58},"end":{"line":47,"column":null}},"23":{"start":{"line":48,"column":6},"end":{"line":48,"column":null}},"24":{"start":{"line":51,"column":29},"end":{"line":60,"column":null}},"25":{"start":{"line":53,"column":29},"end":{"line":53,"column":null}},"26":{"start":{"line":54,"column":8},"end":{"line":58,"column":null}},"27":{"start":{"line":62,"column":18},"end":{"line":62,"column":null}},"28":{"start":{"line":63,"column":22},"end":{"line":63,"column":null}},"29":{"start":{"line":65,"column":4},"end":{"line":65,"column":null}},"30":{"start":{"line":69,"column":25},"end":{"line":82,"column":null}},"31":{"start":{"line":83,"column":4},"end":{"line":83,"column":null}},"32":{"start":{"line":85,"column":4},"end":{"line":87,"column":null}},"33":{"start":{"line":86,"column":6},"end":{"line":86,"column":null}},"34":{"start":{"line":89,"column":4},"end":{"line":89,"column":null}},"35":{"start":{"line":93,"column":18},"end":{"line":93,"column":null}},"36":{"start":{"line":94,"column":4},"end":{"line":96,"column":null}},"37":{"start":{"line":95,"column":6},"end":{"line":95,"column":null}},"38":{"start":{"line":97,"column":27},"end":{"line":106,"column":null}},"39":{"start":{"line":107,"column":4},"end":{"line":107,"column":null}},"40":{"start":{"line":109,"column":4},"end":{"line":111,"column":null}},"41":{"start":{"line":110,"column":6},"end":{"line":110,"column":null}},"42":{"start":{"line":113,"column":4},"end":{"line":113,"column":null}},"43":{"start":{"line":117,"column":4},"end":{"line":117,"column":null}},"44":{"start":{"line":118,"column":4},"end":{"line":118,"column":null}},"45":{"start":{"line":119,"column":4},"end":{"line":119,"column":null}},"46":{"start":{"line":123,"column":18},"end":{"line":123,"column":null}},"47":{"start":{"line":124,"column":4},"end":{"line":124,"column":null}},"48":{"start":{"line":124,"column":16},"end":{"line":124,"column":null}},"49":{"start":{"line":126,"column":25},"end":{"line":126,"column":null}},"50":{"start":{"line":127,"column":23},"end":{"line":127,"column":null}},"51":{"start":{"line":129,"column":4},"end":{"line":139,"column":null}},"52":{"start":{"line":132,"column":42},"end":{"line":138,"column":8}},"53":{"start":{"line":149,"column":19},"end":{"line":149,"column":null}},"54":{"start":{"line":150,"column":26},"end":{"line":152,"column":null}},"55":{"start":{"line":151,"column":13},"end":{"line":151,"column":null}},"56":{"start":{"line":154,"column":42},"end":{"line":154,"column":null}},"57":{"start":{"line":156,"column":4},"end":{"line":178,"column":null}},"58":{"start":{"line":157,"column":25},"end":{"line":157,"column":null}},"59":{"start":{"line":158,"column":23},"end":{"line":158,"column":null}},"60":{"start":{"line":159,"column":25},"end":{"line":159,"column":null}},"61":{"start":{"line":160,"column":23},"end":{"line":160,"column":null}},"62":{"start":{"line":162,"column":6},"end":{"line":177,"column":null}},"63":{"start":{"line":163,"column":34},"end":{"line":163,"column":null}},"64":{"start":{"line":164,"column":42},"end":{"line":166,"column":null}},"65":{"start":{"line":165,"column":10},"end":{"line":165,"column":null}},"66":{"start":{"line":165,"column":39},"end":{"line":165,"column":79}},"67":{"start":{"line":168,"column":8},"end":{"line":176,"column":null}},"68":{"start":{"line":169,"column":10},"end":{"line":175,"column":null}},"69":{"start":{"line":180,"column":4},"end":{"line":180,"column":null}},"70":{"start":{"line":184,"column":21},"end":{"line":184,"column":null}},"71":{"start":{"line":185,"column":28},"end":{"line":185,"column":null}},"72":{"start":{"line":186,"column":4},"end":{"line":186,"column":null}},"73":{"start":{"line":190,"column":21},"end":{"line":190,"column":null}},"74":{"start":{"line":191,"column":21},"end":{"line":193,"column":null}},"75":{"start":{"line":192,"column":13},"end":{"line":192,"column":null}},"76":{"start":{"line":192,"column":43},"end":{"line":192,"column":81}},"77":{"start":{"line":194,"column":4},"end":{"line":194,"column":null}},"78":{"start":{"line":198,"column":17},"end":{"line":198,"column":null}},"79":{"start":{"line":199,"column":4},"end":{"line":204,"column":null}},"80":{"start":{"line":199,"column":30},"end":{"line":204,"column":6}},"81":{"start":{"line":211,"column":21},"end":{"line":211,"column":null}},"82":{"start":{"line":212,"column":25},"end":{"line":220,"column":null}},"83":{"start":{"line":221,"column":4},"end":{"line":221,"column":null}},"84":{"start":{"line":222,"column":4},"end":{"line":222,"column":null}},"85":{"start":{"line":223,"column":4},"end":{"line":223,"column":null}},"86":{"start":{"line":227,"column":23},"end":{"line":227,"column":null}},"87":{"start":{"line":228,"column":4},"end":{"line":236,"column":null}},"88":{"start":{"line":228,"column":35},"end":{"line":236,"column":6}},"89":{"start":{"line":240,"column":4},"end":{"line":246,"column":null}},"90":{"start":{"line":241,"column":23},"end":{"line":241,"column":null}},"91":{"start":{"line":242,"column":23},"end":{"line":242,"column":null}},"92":{"start":{"line":242,"column":47},"end":{"line":242,"column":80}},"93":{"start":{"line":243,"column":6},"end":{"line":243,"column":null}},"94":{"start":{"line":245,"column":6},"end":{"line":245,"column":null}}},"fnMap":{"0":{"name":"(anonymous_0)","decl":{"start":{"line":18,"column":8},"end":{"line":18,"column":17}},"loc":{"start":{"line":18,"column":52},"end":{"line":20,"column":null}},"line":18},"1":{"name":"(anonymous_1)","decl":{"start":{"line":22,"column":8},"end":{"line":22,"column":23}},"loc":{"start":{"line":22,"column":93},"end":{"line":36,"column":null}},"line":22},"2":{"name":"(anonymous_2)","decl":{"start":{"line":35,"column":23},"end":{"line":35,"column":24}},"loc":{"start":{"line":35,"column":33},"end":{"line":35,"column":73}},"line":35},"3":{"name":"(anonymous_3)","decl":{"start":{"line":38,"column":8},"end":{"line":38,"column":24}},"loc":{"start":{"line":38,"column":113},"end":{"line":66,"column":null}},"line":38},"4":{"name":"(anonymous_4)","decl":{"start":{"line":45,"column":35},"end":{"line":45,"column":36}},"loc":{"start":{"line":45,"column":42},"end":{"line":49,"column":5}},"line":45},"5":{"name":"(anonymous_5)","decl":{"start":{"line":52,"column":19},"end":{"line":52,"column":26}},"loc":{"start":{"line":52,"column":32},"end":{"line":59,"column":7}},"line":52},"6":{"name":"(anonymous_6)","decl":{"start":{"line":68,"column":8},"end":{"line":68,"column":15}},"loc":{"start":{"line":68,"column":53},"end":{"line":90,"column":null}},"line":68},"7":{"name":"(anonymous_7)","decl":{"start":{"line":92,"column":8},"end":{"line":92,"column":15}},"loc":{"start":{"line":92,"column":65},"end":{"line":114,"column":null}},"line":92},"8":{"name":"(anonymous_8)","decl":{"start":{"line":116,"column":8},"end":{"line":116,"column":15}},"loc":{"start":{"line":116,"column":42},"end":{"line":120,"column":null}},"line":116},"9":{"name":"(anonymous_9)","decl":{"start":{"line":122,"column":8},"end":{"line":122,"column":28}},"loc":{"start":{"line":122,"column":95},"end":{"line":140,"column":null}},"line":122},"10":{"name":"(anonymous_10)","decl":{"start":{"line":132,"column":33},"end":{"line":132,"column":34}},"loc":{"start":{"line":132,"column":42},"end":{"line":138,"column":8}},"line":132},"11":{"name":"(anonymous_11)","decl":{"start":{"line":142,"column":8},"end":{"line":142,"column":null}},"loc":{"start":{"line":148,"column":33},"end":{"line":181,"column":null}},"line":148},"12":{"name":"(anonymous_12)","decl":{"start":{"line":151,"column":6},"end":{"line":151,"column":7}},"loc":{"start":{"line":151,"column":13},"end":{"line":151,"column":null}},"line":151},"13":{"name":"(anonymous_13)","decl":{"start":{"line":164,"column":65},"end":{"line":164,"column":66}},"loc":{"start":{"line":165,"column":10},"end":{"line":165,"column":null}},"line":165},"14":{"name":"(anonymous_14)","decl":{"start":{"line":165,"column":30},"end":{"line":165,"column":31}},"loc":{"start":{"line":165,"column":39},"end":{"line":165,"column":79}},"line":165},"15":{"name":"(anonymous_15)","decl":{"start":{"line":183,"column":8},"end":{"line":183,"column":24}},"loc":{"start":{"line":183,"column":97},"end":{"line":187,"column":null}},"line":183},"16":{"name":"(anonymous_16)","decl":{"start":{"line":189,"column":8},"end":{"line":189,"column":27}},"loc":{"start":{"line":189,"column":102},"end":{"line":195,"column":null}},"line":189},"17":{"name":"(anonymous_17)","decl":{"start":{"line":192,"column":6},"end":{"line":192,"column":7}},"loc":{"start":{"line":192,"column":13},"end":{"line":192,"column":null}},"line":192},"18":{"name":"(anonymous_18)","decl":{"start":{"line":192,"column":34},"end":{"line":192,"column":35}},"loc":{"start":{"line":192,"column":43},"end":{"line":192,"column":81}},"line":192},"19":{"name":"(anonymous_19)","decl":{"start":{"line":197,"column":8},"end":{"line":197,"column":24}},"loc":{"start":{"line":197,"column":139},"end":{"line":205,"column":null}},"line":197},"20":{"name":"(anonymous_20)","decl":{"start":{"line":199,"column":20},"end":{"line":199,"column":21}},"loc":{"start":{"line":199,"column":30},"end":{"line":204,"column":6}},"line":199},"21":{"name":"(anonymous_21)","decl":{"start":{"line":207,"column":8},"end":{"line":207,"column":null}},"loc":{"start":{"line":210,"column":53},"end":{"line":224,"column":null}},"line":210},"22":{"name":"(anonymous_22)","decl":{"start":{"line":226,"column":8},"end":{"line":226,"column":22}},"loc":{"start":{"line":226,"column":90},"end":{"line":237,"column":null}},"line":226},"23":{"name":"(anonymous_23)","decl":{"start":{"line":228,"column":26},"end":{"line":228,"column":27}},"loc":{"start":{"line":228,"column":35},"end":{"line":236,"column":6}},"line":228},"24":{"name":"(anonymous_24)","decl":{"start":{"line":239,"column":8},"end":{"line":239,"column":25}},"loc":{"start":{"line":239,"column":80},"end":{"line":247,"column":null}},"line":239},"25":{"name":"(anonymous_25)","decl":{"start":{"line":242,"column":39},"end":{"line":242,"column":40}},"loc":{"start":{"line":242,"column":47},"end":{"line":242,"column":80}},"line":242}},"branchMap":{"0":{"loc":{"start":{"line":19,"column":11},"end":{"line":19,"column":null}},"type":"binary-expr","locations":[{"start":{"line":19,"column":11},"end":{"line":19,"column":34}},{"start":{"line":19,"column":34},"end":{"line":19,"column":null}}],"line":19},"1":{"loc":{"start":{"line":25,"column":6},"end":{"line":25,"column":null}},"type":"if","locations":[{"start":{"line":25,"column":6},"end":{"line":25,"column":null}},{"start":{},"end":{}}],"line":25},"2":{"loc":{"start":{"line":27,"column":6},"end":{"line":31,"column":null}},"type":"if","locations":[{"start":{"line":27,"column":6},"end":{"line":31,"column":null}},{"start":{},"end":{}}],"line":27},"3":{"loc":{"start":{"line":27,"column":10},"end":{"line":27,"column":32}},"type":"binary-expr","locations":[{"start":{"line":27,"column":10},"end":{"line":27,"column":23}},{"start":{"line":27,"column":23},"end":{"line":27,"column":32}}],"line":27},"4":{"loc":{"start":{"line":29,"column":8},"end":{"line":29,"column":null}},"type":"if","locations":[{"start":{"line":29,"column":8},"end":{"line":29,"column":null}},{"start":{},"end":{}}],"line":29},"5":{"loc":{"start":{"line":29,"column":12},"end":{"line":29,"column":49}},"type":"binary-expr","locations":[{"start":{"line":29,"column":12},"end":{"line":29,"column":25}},{"start":{"line":29,"column":25},"end":{"line":29,"column":49}}],"line":29},"6":{"loc":{"start":{"line":30,"column":8},"end":{"line":30,"column":null}},"type":"if","locations":[{"start":{"line":30,"column":8},"end":{"line":30,"column":null}},{"start":{},"end":{}}],"line":30},"7":{"loc":{"start":{"line":30,"column":12},"end":{"line":30,"column":45}},"type":"binary-expr","locations":[{"start":{"line":30,"column":12},"end":{"line":30,"column":23}},{"start":{"line":30,"column":23},"end":{"line":30,"column":45}}],"line":30},"8":{"loc":{"start":{"line":46,"column":6},"end":{"line":46,"column":null}},"type":"if","locations":[{"start":{"line":46,"column":6},"end":{"line":46,"column":null}},{"start":{},"end":{}}],"line":46},"9":{"loc":{"start":{"line":46,"column":10},"end":{"line":46,"column":67}},"type":"binary-expr","locations":[{"start":{"line":46,"column":10},"end":{"line":46,"column":31}},{"start":{"line":46,"column":31},"end":{"line":46,"column":67}}],"line":46},"10":{"loc":{"start":{"line":47,"column":6},"end":{"line":47,"column":null}},"type":"if","locations":[{"start":{"line":47,"column":6},"end":{"line":47,"column":null}},{"start":{},"end":{}}],"line":47},"11":{"loc":{"start":{"line":47,"column":10},"end":{"line":47,"column":58}},"type":"binary-expr","locations":[{"start":{"line":47,"column":10},"end":{"line":47,"column":45}},{"start":{"line":47,"column":45},"end":{"line":47,"column":58}}],"line":47},"12":{"loc":{"start":{"line":63,"column":45},"end":{"line":63,"column":67}},"type":"binary-expr","locations":[{"start":{"line":63,"column":45},"end":{"line":63,"column":63}},{"start":{"line":63,"column":63},"end":{"line":63,"column":67}}],"line":63},"13":{"loc":{"start":{"line":63,"column":67},"end":{"line":63,"column":91}},"type":"binary-expr","locations":[{"start":{"line":63,"column":67},"end":{"line":63,"column":85}},{"start":{"line":63,"column":85},"end":{"line":63,"column":91}}],"line":63},"14":{"loc":{"start":{"line":63,"column":91},"end":{"line":63,"column":112}},"type":"binary-expr","locations":[{"start":{"line":63,"column":91},"end":{"line":63,"column":108}},{"start":{"line":63,"column":108},"end":{"line":63,"column":112}}],"line":63},"15":{"loc":{"start":{"line":75,"column":18},"end":{"line":75,"column":null}},"type":"binary-expr","locations":[{"start":{"line":75,"column":18},"end":{"line":75,"column":37}},{"start":{"line":75,"column":37},"end":{"line":75,"column":null}}],"line":75},"16":{"loc":{"start":{"line":76,"column":18},"end":{"line":76,"column":null}},"type":"binary-expr","locations":[{"start":{"line":76,"column":18},"end":{"line":76,"column":37}},{"start":{"line":76,"column":37},"end":{"line":76,"column":null}}],"line":76},"17":{"loc":{"start":{"line":78,"column":26},"end":{"line":78,"column":null}},"type":"binary-expr","locations":[{"start":{"line":78,"column":26},"end":{"line":78,"column":53}},{"start":{"line":78,"column":53},"end":{"line":78,"column":null}}],"line":78},"18":{"loc":{"start":{"line":85,"column":4},"end":{"line":87,"column":null}},"type":"if","locations":[{"start":{"line":85,"column":4},"end":{"line":87,"column":null}},{"start":{},"end":{}}],"line":85},"19":{"loc":{"start":{"line":94,"column":4},"end":{"line":96,"column":null}},"type":"if","locations":[{"start":{"line":94,"column":4},"end":{"line":96,"column":null}},{"start":{},"end":{}}],"line":94},"20":{"loc":{"start":{"line":99,"column":10},"end":{"line":99,"column":null}},"type":"binary-expr","locations":[{"start":{"line":99,"column":10},"end":{"line":99,"column":38}},{"start":{"line":99,"column":38},"end":{"line":99,"column":null}}],"line":99},"21":{"loc":{"start":{"line":100,"column":10},"end":{"line":100,"column":null}},"type":"binary-expr","locations":[{"start":{"line":100,"column":10},"end":{"line":100,"column":43}},{"start":{"line":100,"column":43},"end":{"line":100,"column":null}}],"line":100},"22":{"loc":{"start":{"line":101,"column":10},"end":{"line":101,"column":null}},"type":"binary-expr","locations":[{"start":{"line":101,"column":10},"end":{"line":101,"column":41}},{"start":{"line":101,"column":41},"end":{"line":101,"column":null}}],"line":101},"23":{"loc":{"start":{"line":102,"column":10},"end":{"line":102,"column":null}},"type":"binary-expr","locations":[{"start":{"line":102,"column":10},"end":{"line":102,"column":43}},{"start":{"line":102,"column":43},"end":{"line":102,"column":null}}],"line":102},"24":{"loc":{"start":{"line":103,"column":10},"end":{"line":103,"column":null}},"type":"binary-expr","locations":[{"start":{"line":103,"column":10},"end":{"line":103,"column":43}},{"start":{"line":103,"column":43},"end":{"line":103,"column":null}}],"line":103},"25":{"loc":{"start":{"line":104,"column":10},"end":{"line":104,"column":null}},"type":"binary-expr","locations":[{"start":{"line":104,"column":10},"end":{"line":104,"column":51}},{"start":{"line":104,"column":51},"end":{"line":104,"column":null}}],"line":104},"26":{"loc":{"start":{"line":109,"column":4},"end":{"line":111,"column":null}},"type":"if","locations":[{"start":{"line":109,"column":4},"end":{"line":111,"column":null}},{"start":{},"end":{}}],"line":109},"27":{"loc":{"start":{"line":124,"column":4},"end":{"line":124,"column":null}},"type":"if","locations":[{"start":{"line":124,"column":4},"end":{"line":124,"column":null}},{"start":{},"end":{}}],"line":124},"28":{"loc":{"start":{"line":151,"column":13},"end":{"line":151,"column":null}},"type":"binary-expr","locations":[{"start":{"line":151,"column":13},"end":{"line":151,"column":43}},{"start":{"line":151,"column":43},"end":{"line":151,"column":null}}],"line":151},"29":{"loc":{"start":{"line":162,"column":6},"end":{"line":177,"column":null}},"type":"if","locations":[{"start":{"line":162,"column":6},"end":{"line":177,"column":null}},{"start":{},"end":{}}],"line":162},"30":{"loc":{"start":{"line":162,"column":10},"end":{"line":162,"column":58}},"type":"binary-expr","locations":[{"start":{"line":162,"column":10},"end":{"line":162,"column":35}},{"start":{"line":162,"column":35},"end":{"line":162,"column":58}}],"line":162},"31":{"loc":{"start":{"line":165,"column":39},"end":{"line":165,"column":79}},"type":"binary-expr","locations":[{"start":{"line":165,"column":39},"end":{"line":165,"column":59}},{"start":{"line":165,"column":59},"end":{"line":165,"column":79}}],"line":165},"32":{"loc":{"start":{"line":168,"column":8},"end":{"line":176,"column":null}},"type":"if","locations":[{"start":{"line":168,"column":8},"end":{"line":176,"column":null}},{"start":{},"end":{}}],"line":168},"33":{"loc":{"start":{"line":184,"column":21},"end":{"line":184,"column":null}},"type":"binary-expr","locations":[{"start":{"line":184,"column":21},"end":{"line":184,"column":55}},{"start":{"line":184,"column":55},"end":{"line":184,"column":null}}],"line":184},"34":{"loc":{"start":{"line":190,"column":21},"end":{"line":190,"column":null}},"type":"binary-expr","locations":[{"start":{"line":190,"column":21},"end":{"line":190,"column":55}},{"start":{"line":190,"column":55},"end":{"line":190,"column":null}}],"line":190},"35":{"loc":{"start":{"line":192,"column":43},"end":{"line":192,"column":81}},"type":"binary-expr","locations":[{"start":{"line":192,"column":43},"end":{"line":192,"column":62}},{"start":{"line":192,"column":62},"end":{"line":192,"column":81}}],"line":192},"36":{"loc":{"start":{"line":198,"column":17},"end":{"line":198,"column":null}},"type":"binary-expr","locations":[{"start":{"line":198,"column":17},"end":{"line":198,"column":51}},{"start":{"line":198,"column":51},"end":{"line":198,"column":null}}],"line":198},"37":{"loc":{"start":{"line":211,"column":21},"end":{"line":211,"column":null}},"type":"binary-expr","locations":[{"start":{"line":211,"column":21},"end":{"line":211,"column":53}},{"start":{"line":211,"column":53},"end":{"line":211,"column":null}}],"line":211},"38":{"loc":{"start":{"line":216,"column":22},"end":{"line":216,"column":null}},"type":"binary-expr","locations":[{"start":{"line":216,"column":22},"end":{"line":216,"column":50}},{"start":{"line":216,"column":50},"end":{"line":216,"column":null}}],"line":216},"39":{"loc":{"start":{"line":217,"column":20},"end":{"line":217,"column":null}},"type":"binary-expr","locations":[{"start":{"line":217,"column":20},"end":{"line":217,"column":46}},{"start":{"line":217,"column":46},"end":{"line":217,"column":null}}],"line":217},"40":{"loc":{"start":{"line":218,"column":20},"end":{"line":218,"column":null}},"type":"binary-expr","locations":[{"start":{"line":218,"column":20},"end":{"line":218,"column":46}},{"start":{"line":218,"column":46},"end":{"line":218,"column":null}}],"line":218},"41":{"loc":{"start":{"line":227,"column":23},"end":{"line":227,"column":null}},"type":"binary-expr","locations":[{"start":{"line":227,"column":23},"end":{"line":227,"column":55}},{"start":{"line":227,"column":55},"end":{"line":227,"column":null}}],"line":227},"42":{"loc":{"start":{"line":240,"column":4},"end":{"line":246,"column":null}},"type":"if","locations":[{"start":{"line":240,"column":4},"end":{"line":246,"column":null}},{"start":{"line":244,"column":11},"end":{"line":246,"column":null}}],"line":240},"43":{"loc":{"start":{"line":241,"column":23},"end":{"line":241,"column":null}},"type":"binary-expr","locations":[{"start":{"line":241,"column":23},"end":{"line":241,"column":55}},{"start":{"line":241,"column":55},"end":{"line":241,"column":null}}],"line":241}},"s":{"0":31,"1":31,"2":31,"3":0,"4":0,"5":0,"6":0,"7":0,"8":0,"9":0,"10":0,"11":0,"12":0,"13":0,"14":0,"15":0,"16":0,"17":0,"18":0,"19":0,"20":0,"21":0,"22":0,"23":0,"24":0,"25":0,"26":0,"27":0,"28":0,"29":0,"30":0,"31":0,"32":0,"33":0,"34":0,"35":0,"36":0,"37":0,"38":0,"39":0,"40":0,"41":0,"42":0,"43":0,"44":0,"45":0,"46":0,"47":0,"48":0,"49":0,"50":0,"51":0,"52":0,"53":0,"54":0,"55":0,"56":0,"57":0,"58":0,"59":0,"60":0,"61":0,"62":0,"63":0,"64":0,"65":0,"66":0,"67":0,"68":0,"69":0,"70":0,"71":0,"72":0,"73":0,"74":0,"75":0,"76":0,"77":0,"78":0,"79":0,"80":0,"81":0,"82":0,"83":0,"84":0,"85":0,"86":0,"87":0,"88":0,"89":0,"90":0,"91":0,"92":0,"93":0,"94":0},"f":{"0":0,"1":0,"2":0,"3":0,"4":0,"5":0,"6":0,"7":0,"8":0,"9":0,"10":0,"11":0,"12":0,"13":0,"14":0,"15":0,"16":0,"17":0,"18":0,"19":0,"20":0,"21":0,"22":0,"23":0,"24":0,"25":0},"b":{"0":[0,0],"1":[0,0],"2":[0,0],"3":[0,0],"4":[0,0],"5":[0,0],"6":[0,0],"7":[0,0],"8":[0,0],"9":[0,0],"10":[0,0],"11":[0,0],"12":[0,0],"13":[0,0],"14":[0,0],"15":[0,0],"16":[0,0],"17":[0,0],"18":[0,0],"19":[0,0],"20":[0,0],"21":[0,0],"22":[0,0],"23":[0,0],"24":[0,0],"25":[0,0],"26":[0,0],"27":[0,0],"28":[0,0],"29":[0,0],"30":[0,0],"31":[0,0],"32":[0,0],"33":[0,0],"34":[0,0],"35":[0,0],"36":[0,0],"37":[0,0],"38":[0,0],"39":[0,0],"40":[0,0],"41":[0,0],"42":[0,0],"43":[0,0]},"meta":{"lastBranch":44,"lastFunction":26,"lastStatement":95,"seen":{"s:14:39:14:Infinity":0,"s:15:65:15:Infinity":1,"s:16:165:16:Infinity":2,"f:18:8:18:17":0,"s:19:4:19:Infinity":3,"b:19:11:19:34:19:34:19:Infinity":0,"f:22:8:22:23":1,"s:23:28:23:Infinity":4,"s:24:4:34:Infinity":5,"b:25:6:25:Infinity:undefined:undefined:undefined:undefined":1,"s:25:6:25:Infinity":6,"s:25:40:25:Infinity":7,"b:27:6:31:Infinity:undefined:undefined:undefined:undefined":2,"s:27:6:31:Infinity":8,"b:27:10:27:23:27:23:27:32":3,"s:28:27:28:Infinity":9,"b:29:8:29:Infinity:undefined:undefined:undefined:undefined":4,"s:29:8:29:Infinity":10,"b:29:12:29:25:29:25:29:49":5,"s:29:49:29:Infinity":11,"b:30:8:30:Infinity:undefined:undefined:undefined:undefined":6,"s:30:8:30:Infinity":12,"b:30:12:30:23:30:23:30:45":7,"s:30:45:30:Infinity":13,"s:33:6:33:Infinity":14,"s:35:4:35:Infinity":15,"f:35:23:35:24":2,"s:35:33:35:73":16,"f:38:8:38:24":3,"s:39:19:43:Infinity":17,"s:45:21:49:Infinity":18,"f:45:35:45:36":4,"b:46:6:46:Infinity:undefined:undefined:undefined:undefined":8,"s:46:6:46:Infinity":19,"b:46:10:46:31:46:31:46:67":9,"s:46:67:46:Infinity":20,"b:47:6:47:Infinity:undefined:undefined:undefined:undefined":10,"s:47:6:47:Infinity":21,"b:47:10:47:45:47:45:47:58":11,"s:47:58:47:Infinity":22,"s:48:6:48:Infinity":23,"s:51:29:60:Infinity":24,"f:52:19:52:26":5,"s:53:29:53:Infinity":25,"s:54:8:58:Infinity":26,"s:62:18:62:Infinity":27,"s:63:22:63:Infinity":28,"b:63:45:63:63:63:63:63:67":12,"b:63:67:63:85:63:85:63:91":13,"b:63:91:63:108:63:108:63:112":14,"s:65:4:65:Infinity":29,"f:68:8:68:15":6,"s:69:25:82:Infinity":30,"b:75:18:75:37:75:37:75:Infinity":15,"b:76:18:76:37:76:37:76:Infinity":16,"b:78:26:78:53:78:53:78:Infinity":17,"s:83:4:83:Infinity":31,"b:85:4:87:Infinity:undefined:undefined:undefined:undefined":18,"s:85:4:87:Infinity":32,"s:86:6:86:Infinity":33,"s:89:4:89:Infinity":34,"f:92:8:92:15":7,"s:93:18:93:Infinity":35,"b:94:4:96:Infinity:undefined:undefined:undefined:undefined":19,"s:94:4:96:Infinity":36,"s:95:6:95:Infinity":37,"s:97:27:106:Infinity":38,"b:99:10:99:38:99:38:99:Infinity":20,"b:100:10:100:43:100:43:100:Infinity":21,"b:101:10:101:41:101:41:101:Infinity":22,"b:102:10:102:43:102:43:102:Infinity":23,"b:103:10:103:43:103:43:103:Infinity":24,"b:104:10:104:51:104:51:104:Infinity":25,"s:107:4:107:Infinity":39,"b:109:4:111:Infinity:undefined:undefined:undefined:undefined":26,"s:109:4:111:Infinity":40,"s:110:6:110:Infinity":41,"s:113:4:113:Infinity":42,"f:116:8:116:15":8,"s:117:4:117:Infinity":43,"s:118:4:118:Infinity":44,"s:119:4:119:Infinity":45,"f:122:8:122:28":9,"s:123:18:123:Infinity":46,"b:124:4:124:Infinity:undefined:undefined:undefined:undefined":27,"s:124:4:124:Infinity":47,"s:124:16:124:Infinity":48,"s:126:25:126:Infinity":49,"s:127:23:127:Infinity":50,"s:129:4:139:Infinity":51,"f:132:33:132:34":10,"s:132:42:138:8":52,"f:142:8:142:Infinity":11,"s:149:19:149:Infinity":53,"s:150:26:152:Infinity":54,"f:151:6:151:7":12,"s:151:13:151:Infinity":55,"b:151:13:151:43:151:43:151:Infinity":28,"s:154:42:154:Infinity":56,"s:156:4:178:Infinity":57,"s:157:25:157:Infinity":58,"s:158:23:158:Infinity":59,"s:159:25:159:Infinity":60,"s:160:23:160:Infinity":61,"b:162:6:177:Infinity:undefined:undefined:undefined:undefined":29,"s:162:6:177:Infinity":62,"b:162:10:162:35:162:35:162:58":30,"s:163:34:163:Infinity":63,"s:164:42:166:Infinity":64,"f:164:65:164:66":13,"s:165:10:165:Infinity":65,"f:165:30:165:31":14,"s:165:39:165:79":66,"b:165:39:165:59:165:59:165:79":31,"b:168:8:176:Infinity:undefined:undefined:undefined:undefined":32,"s:168:8:176:Infinity":67,"s:169:10:175:Infinity":68,"s:180:4:180:Infinity":69,"f:183:8:183:24":15,"s:184:21:184:Infinity":70,"b:184:21:184:55:184:55:184:Infinity":33,"s:185:28:185:Infinity":71,"s:186:4:186:Infinity":72,"f:189:8:189:27":16,"s:190:21:190:Infinity":73,"b:190:21:190:55:190:55:190:Infinity":34,"s:191:21:193:Infinity":74,"f:192:6:192:7":17,"s:192:13:192:Infinity":75,"f:192:34:192:35":18,"s:192:43:192:81":76,"b:192:43:192:62:192:62:192:81":35,"s:194:4:194:Infinity":77,"f:197:8:197:24":19,"s:198:17:198:Infinity":78,"b:198:17:198:51:198:51:198:Infinity":36,"s:199:4:204:Infinity":79,"f:199:20:199:21":20,"s:199:30:204:6":80,"f:207:8:207:Infinity":21,"s:211:21:211:Infinity":81,"b:211:21:211:53:211:53:211:Infinity":37,"s:212:25:220:Infinity":82,"b:216:22:216:50:216:50:216:Infinity":38,"b:217:20:217:46:217:46:217:Infinity":39,"b:218:20:218:46:218:46:218:Infinity":40,"s:221:4:221:Infinity":83,"s:222:4:222:Infinity":84,"s:223:4:223:Infinity":85,"f:226:8:226:22":22,"s:227:23:227:Infinity":86,"b:227:23:227:55:227:55:227:Infinity":41,"s:228:4:236:Infinity":87,"f:228:26:228:27":23,"s:228:35:236:6":88,"f:239:8:239:25":24,"b:240:4:246:Infinity:244:11:246:Infinity":42,"s:240:4:246:Infinity":89,"s:241:23:241:Infinity":90,"b:241:23:241:55:241:55:241:Infinity":43,"s:242:23:242:Infinity":91,"f:242:39:242:40":25,"s:242:47:242:80":92,"s:243:6:243:Infinity":93,"s:245:6:245:Infinity":94}}}
,"/Users/danielmarczydlo/Workspace/HomePlanner/src/repositories/implementations/in-memory/InMemoryFamilyRepository.ts": {"path":"/Users/danielmarczydlo/Workspace/HomePlanner/src/repositories/implementations/in-memory/InMemoryFamilyRepository.ts","statementMap":{"0":{"start":{"line":16,"column":42},"end":{"line":16,"column":null}},"1":{"start":{"line":17,"column":70},"end":{"line":17,"column":null}},"2":{"start":{"line":18,"column":88},"end":{"line":18,"column":null}},"3":{"start":{"line":21,"column":4},"end":{"line":21,"column":null}},"4":{"start":{"line":25,"column":27},"end":{"line":29,"column":null}},"5":{"start":{"line":30,"column":4},"end":{"line":30,"column":null}},"6":{"start":{"line":31,"column":4},"end":{"line":31,"column":null}},"7":{"start":{"line":35,"column":19},"end":{"line":35,"column":null}},"8":{"start":{"line":36,"column":4},"end":{"line":38,"column":null}},"9":{"start":{"line":37,"column":6},"end":{"line":37,"column":null}},"10":{"start":{"line":39,"column":28},"end":{"line":42,"column":null}},"11":{"start":{"line":43,"column":4},"end":{"line":43,"column":null}},"12":{"start":{"line":44,"column":4},"end":{"line":44,"column":null}},"13":{"start":{"line":48,"column":4},"end":{"line":48,"column":null}},"14":{"start":{"line":49,"column":4},"end":{"line":49,"column":null}},"15":{"start":{"line":53,"column":31},"end":{"line":53,"column":null}},"16":{"start":{"line":54,"column":4},"end":{"line":61,"column":null}},"17":{"start":{"line":55,"column":6},"end":{"line":60,"column":null}},"18":{"start":{"line":56,"column":23},"end":{"line":56,"column":null}},"19":{"start":{"line":57,"column":8},"end":{"line":59,"column":null}},"20":{"start":{"line":58,"column":10},"end":{"line":58,"column":null}},"21":{"start":{"line":62,"column":4},"end":{"line":62,"column":null}},"22":{"start":{"line":66,"column":20},"end":{"line":66,"column":null}},"23":{"start":{"line":67,"column":4},"end":{"line":67,"column":null}},"24":{"start":{"line":71,"column":20},"end":{"line":71,"column":null}},"25":{"start":{"line":72,"column":19},"end":{"line":72,"column":null}},"26":{"start":{"line":73,"column":4},"end":{"line":73,"column":null}},"27":{"start":{"line":77,"column":20},"end":{"line":77,"column":null}},"28":{"start":{"line":78,"column":4},"end":{"line":80,"column":null}},"29":{"start":{"line":79,"column":6},"end":{"line":79,"column":null}},"30":{"start":{"line":82,"column":4},"end":{"line":91,"column":null}},"31":{"start":{"line":83,"column":19},"end":{"line":83,"column":null}},"32":{"start":{"line":84,"column":6},"end":{"line":90,"column":null}},"33":{"start":{"line":95,"column":20},"end":{"line":95,"column":null}},"34":{"start":{"line":96,"column":4},"end":{"line":98,"column":null}},"35":{"start":{"line":97,"column":6},"end":{"line":97,"column":null}},"36":{"start":{"line":100,"column":4},"end":{"line":111,"column":null}},"37":{"start":{"line":102,"column":21},"end":{"line":102,"column":null}},"38":{"start":{"line":103,"column":8},"end":{"line":109,"column":null}},"39":{"start":{"line":111,"column":22},"end":{"line":111,"column":87}},"40":{"start":{"line":115,"column":4},"end":{"line":117,"column":null}},"41":{"start":{"line":116,"column":6},"end":{"line":116,"column":null}},"42":{"start":{"line":118,"column":4},"end":{"line":122,"column":null}},"43":{"start":{"line":126,"column":4},"end":{"line":126,"column":null}}},"fnMap":{"0":{"name":"(anonymous_0)","decl":{"start":{"line":20,"column":8},"end":{"line":20,"column":17}},"loc":{"start":{"line":20,"column":53},"end":{"line":22,"column":null}},"line":20},"1":{"name":"(anonymous_1)","decl":{"start":{"line":24,"column":8},"end":{"line":24,"column":15}},"loc":{"start":{"line":24,"column":55},"end":{"line":32,"column":null}},"line":24},"2":{"name":"(anonymous_2)","decl":{"start":{"line":34,"column":8},"end":{"line":34,"column":15}},"loc":{"start":{"line":34,"column":67},"end":{"line":45,"column":null}},"line":34},"3":{"name":"(anonymous_3)","decl":{"start":{"line":47,"column":8},"end":{"line":47,"column":15}},"loc":{"start":{"line":47,"column":42},"end":{"line":50,"column":null}},"line":47},"4":{"name":"(anonymous_4)","decl":{"start":{"line":52,"column":8},"end":{"line":52,"column":21}},"loc":{"start":{"line":52,"column":56},"end":{"line":63,"column":null}},"line":52},"5":{"name":"(anonymous_5)","decl":{"start":{"line":65,"column":8},"end":{"line":65,"column":21}},"loc":{"start":{"line":65,"column":73},"end":{"line":68,"column":null}},"line":65},"6":{"name":"(anonymous_6)","decl":{"start":{"line":70,"column":8},"end":{"line":70,"column":20}},"loc":{"start":{"line":70,"column":72},"end":{"line":74,"column":null}},"line":70},"7":{"name":"(anonymous_7)","decl":{"start":{"line":76,"column":8},"end":{"line":76,"column":25}},"loc":{"start":{"line":76,"column":76},"end":{"line":92,"column":null}},"line":76},"8":{"name":"(anonymous_8)","decl":{"start":{"line":82,"column":45},"end":{"line":82,"column":46}},"loc":{"start":{"line":82,"column":71},"end":{"line":91,"column":5}},"line":82},"9":{"name":"(anonymous_9)","decl":{"start":{"line":94,"column":8},"end":{"line":94,"column":19}},"loc":{"start":{"line":94,"column":70},"end":{"line":112,"column":null}},"line":94},"10":{"name":"(anonymous_10)","decl":{"start":{"line":101,"column":11},"end":{"line":101,"column":12}},"loc":{"start":{"line":101,"column":37},"end":{"line":110,"column":7}},"line":101},"11":{"name":"(anonymous_11)","decl":{"start":{"line":111,"column":12},"end":{"line":111,"column":13}},"loc":{"start":{"line":111,"column":22},"end":{"line":111,"column":87}},"line":111},"12":{"name":"(anonymous_12)","decl":{"start":{"line":114,"column":8},"end":{"line":114,"column":18}},"loc":{"start":{"line":114,"column":93},"end":{"line":123,"column":null}},"line":114},"13":{"name":"(anonymous_13)","decl":{"start":{"line":125,"column":2},"end":{"line":125,"column":10}},"loc":{"start":{"line":125,"column":95},"end":{"line":127,"column":null}},"line":125}},"branchMap":{"0":{"loc":{"start":{"line":21,"column":11},"end":{"line":21,"column":null}},"type":"binary-expr","locations":[{"start":{"line":21,"column":11},"end":{"line":21,"column":36}},{"start":{"line":21,"column":36},"end":{"line":21,"column":null}}],"line":21},"1":{"loc":{"start":{"line":36,"column":4},"end":{"line":38,"column":null}},"type":"if","locations":[{"start":{"line":36,"column":4},"end":{"line":38,"column":null}},{"start":{},"end":{}}],"line":36},"2":{"loc":{"start":{"line":41,"column":10},"end":{"line":41,"column":null}},"type":"binary-expr","locations":[{"start":{"line":41,"column":10},"end":{"line":41,"column":37}},{"start":{"line":41,"column":37},"end":{"line":41,"column":null}}],"line":41},"3":{"loc":{"start":{"line":55,"column":6},"end":{"line":60,"column":null}},"type":"if","locations":[{"start":{"line":55,"column":6},"end":{"line":60,"column":null}},{"start":{},"end":{}}],"line":55},"4":{"loc":{"start":{"line":57,"column":8},"end":{"line":59,"column":null}},"type":"if","locations":[{"start":{"line":57,"column":8},"end":{"line":59,"column":null}},{"start":{},"end":{}}],"line":57},"5":{"loc":{"start":{"line":67,"column":11},"end":{"line":67,"column":null}},"type":"binary-expr","locations":[{"start":{"line":67,"column":11},"end":{"line":67,"column":35}},{"start":{"line":67,"column":35},"end":{"line":67,"column":null}}],"line":67},"6":{"loc":{"start":{"line":73,"column":11},"end":{"line":73,"column":null}},"type":"binary-expr","locations":[{"start":{"line":73,"column":11},"end":{"line":73,"column":35}},{"start":{"line":73,"column":35},"end":{"line":73,"column":null}}],"line":73},"7":{"loc":{"start":{"line":78,"column":4},"end":{"line":80,"column":null}},"type":"if","locations":[{"start":{"line":78,"column":4},"end":{"line":80,"column":null}},{"start":{},"end":{}}],"line":78},"8":{"loc":{"start":{"line":83,"column":19},"end":{"line":83,"column":null}},"type":"binary-expr","locations":[{"start":{"line":83,"column":19},"end":{"line":83,"column":45}},{"start":{"line":83,"column":45},"end":{"line":83,"column":null}}],"line":83},"9":{"loc":{"start":{"line":96,"column":4},"end":{"line":98,"column":null}},"type":"if","locations":[{"start":{"line":96,"column":4},"end":{"line":98,"column":null}},{"start":{},"end":{}}],"line":96},"10":{"loc":{"start":{"line":102,"column":21},"end":{"line":102,"column":null}},"type":"binary-expr","locations":[{"start":{"line":102,"column":21},"end":{"line":102,"column":47}},{"start":{"line":102,"column":47},"end":{"line":102,"column":null}}],"line":102},"11":{"loc":{"start":{"line":115,"column":4},"end":{"line":117,"column":null}},"type":"if","locations":[{"start":{"line":115,"column":4},"end":{"line":117,"column":null}},{"start":{},"end":{}}],"line":115}},"s":{"0":77,"1":77,"2":77,"3":28,"4":97,"5":97,"6":97,"7":2,"8":2,"9":0,"10":2,"11":2,"12":2,"13":2,"14":2,"15":3,"16":3,"17":6,"18":6,"19":6,"20":6,"21":3,"22":43,"23":43,"24":35,"25":35,"26":35,"27":13,"28":13,"29":0,"30":13,"31":21,"32":21,"33":0,"34":0,"35":0,"36":0,"37":0,"38":0,"39":0,"40":120,"41":75,"42":120,"43":29},"f":{"0":28,"1":97,"2":2,"3":2,"4":3,"5":43,"6":35,"7":13,"8":21,"9":0,"10":0,"11":0,"12":120,"13":29},"b":{"0":[28,6],"1":[0,2],"2":[2,2],"3":[6,0],"4":[6,0],"5":[43,3],"6":[35,35],"7":[0,13],"8":[21,0],"9":[0,0],"10":[0,0],"11":[75,45]},"meta":{"lastBranch":12,"lastFunction":14,"lastStatement":44,"seen":{"s:16:42:16:Infinity":0,"s:17:70:17:Infinity":1,"s:18:88:18:Infinity":2,"f:20:8:20:17":0,"s:21:4:21:Infinity":3,"b:21:11:21:36:21:36:21:Infinity":0,"f:24:8:24:15":1,"s:25:27:29:Infinity":4,"s:30:4:30:Infinity":5,"s:31:4:31:Infinity":6,"f:34:8:34:15":2,"s:35:19:35:Infinity":7,"b:36:4:38:Infinity:undefined:undefined:undefined:undefined":1,"s:36:4:38:Infinity":8,"s:37:6:37:Infinity":9,"s:39:28:42:Infinity":10,"b:41:10:41:37:41:37:41:Infinity":2,"s:43:4:43:Infinity":11,"s:44:4:44:Infinity":12,"f:47:8:47:15":3,"s:48:4:48:Infinity":13,"s:49:4:49:Infinity":14,"f:52:8:52:21":4,"s:53:31:53:Infinity":15,"s:54:4:61:Infinity":16,"b:55:6:60:Infinity:undefined:undefined:undefined:undefined":3,"s:55:6:60:Infinity":17,"s:56:23:56:Infinity":18,"b:57:8:59:Infinity:undefined:undefined:undefined:undefined":4,"s:57:8:59:Infinity":19,"s:58:10:58:Infinity":20,"s:62:4:62:Infinity":21,"f:65:8:65:21":5,"s:66:20:66:Infinity":22,"s:67:4:67:Infinity":23,"b:67:11:67:35:67:35:67:Infinity":5,"f:70:8:70:20":6,"s:71:20:71:Infinity":24,"s:72:19:72:Infinity":25,"s:73:4:73:Infinity":26,"b:73:11:73:35:73:35:73:Infinity":6,"f:76:8:76:25":7,"s:77:20:77:Infinity":27,"b:78:4:80:Infinity:undefined:undefined:undefined:undefined":7,"s:78:4:80:Infinity":28,"s:79:6:79:Infinity":29,"s:82:4:91:Infinity":30,"f:82:45:82:46":8,"s:83:19:83:Infinity":31,"b:83:19:83:45:83:45:83:Infinity":8,"s:84:6:90:Infinity":32,"f:94:8:94:19":9,"s:95:20:95:Infinity":33,"b:96:4:98:Infinity:undefined:undefined:undefined:undefined":9,"s:96:4:98:Infinity":34,"s:97:6:97:Infinity":35,"s:100:4:111:Infinity":36,"f:101:11:101:12":10,"s:102:21:102:Infinity":37,"b:102:21:102:47:102:47:102:Infinity":10,"s:103:8:109:Infinity":38,"f:111:12:111:13":11,"s:111:22:111:87":39,"f:114:8:114:18":12,"b:115:4:117:Infinity:undefined:undefined:undefined:undefined":11,"s:115:4:117:Infinity":40,"s:116:6:116:Infinity":41,"s:118:4:122:Infinity":42,"f:125:2:125:10":13,"s:126:4:126:Infinity":43}}}
,"/Users/danielmarczydlo/Workspace/HomePlanner/src/repositories/implementations/in-memory/InMemoryLogRepository.ts": {"path":"/Users/danielmarczydlo/Workspace/HomePlanner/src/repositories/implementations/in-memory/InMemoryLogRepository.ts","statementMap":{"0":{"start":{"line":4,"column":72},"end":{"line":4,"column":null}},"1":{"start":{"line":5,"column":19},"end":{"line":5,"column":null}},"2":{"start":{"line":8,"column":4},"end":{"line":12,"column":null}},"3":{"start":{"line":16,"column":23},"end":{"line":16,"column":null}},"4":{"start":{"line":18,"column":4},"end":{"line":20,"column":null}},"5":{"start":{"line":19,"column":6},"end":{"line":19,"column":null}},"6":{"start":{"line":19,"column":50},"end":{"line":19,"column":85}},"7":{"start":{"line":22,"column":4},"end":{"line":24,"column":null}},"8":{"start":{"line":23,"column":6},"end":{"line":23,"column":null}},"9":{"start":{"line":23,"column":50},"end":{"line":23,"column":83}},"10":{"start":{"line":26,"column":4},"end":{"line":28,"column":null}},"11":{"start":{"line":27,"column":6},"end":{"line":27,"column":null}},"12":{"start":{"line":27,"column":50},"end":{"line":27,"column":79}},"13":{"start":{"line":30,"column":4},"end":{"line":34,"column":null}},"14":{"start":{"line":31,"column":24},"end":{"line":31,"column":null}},"15":{"start":{"line":32,"column":6},"end":{"line":32,"column":null}},"16":{"start":{"line":33,"column":6},"end":{"line":33,"column":null}},"17":{"start":{"line":33,"column":50},"end":{"line":33,"column":87}},"18":{"start":{"line":36,"column":4},"end":{"line":40,"column":null}},"19":{"start":{"line":37,"column":22},"end":{"line":37,"column":null}},"20":{"start":{"line":38,"column":6},"end":{"line":38,"column":null}},"21":{"start":{"line":39,"column":6},"end":{"line":39,"column":null}},"22":{"start":{"line":39,"column":50},"end":{"line":39,"column":85}},"23":{"start":{"line":42,"column":4},"end":{"line":44,"column":null}},"24":{"start":{"line":43,"column":6},"end":{"line":43,"column":null}},"25":{"start":{"line":43,"column":50},"end":{"line":43,"column":104}},"26":{"start":{"line":46,"column":4},"end":{"line":46,"column":null}},"27":{"start":{"line":46,"column":32},"end":{"line":46,"column":99}},"28":{"start":{"line":48,"column":18},"end":{"line":48,"column":null}},"29":{"start":{"line":49,"column":26},"end":{"line":49,"column":null}},"30":{"start":{"line":51,"column":24},"end":{"line":59,"column":null}},"31":{"start":{"line":51,"column":52},"end":{"line":59,"column":6}},"32":{"start":{"line":61,"column":4},"end":{"line":64,"column":null}},"33":{"start":{"line":68,"column":4},"end":{"line":68,"column":null}},"34":{"start":{"line":72,"column":4},"end":{"line":72,"column":null}},"35":{"start":{"line":73,"column":4},"end":{"line":73,"column":null}}},"fnMap":{"0":{"name":"(anonymous_0)","decl":{"start":{"line":7,"column":8},"end":{"line":7,"column":15}},"loc":{"start":{"line":7,"column":46},"end":{"line":13,"column":null}},"line":7},"1":{"name":"(anonymous_1)","decl":{"start":{"line":15,"column":8},"end":{"line":15,"column":22}},"loc":{"start":{"line":15,"column":107},"end":{"line":65,"column":null}},"line":15},"2":{"name":"(anonymous_2)","decl":{"start":{"line":19,"column":41},"end":{"line":19,"column":42}},"loc":{"start":{"line":19,"column":50},"end":{"line":19,"column":85}},"line":19},"3":{"name":"(anonymous_3)","decl":{"start":{"line":23,"column":41},"end":{"line":23,"column":42}},"loc":{"start":{"line":23,"column":50},"end":{"line":23,"column":83}},"line":23},"4":{"name":"(anonymous_4)","decl":{"start":{"line":27,"column":41},"end":{"line":27,"column":42}},"loc":{"start":{"line":27,"column":50},"end":{"line":27,"column":79}},"line":27},"5":{"name":"(anonymous_5)","decl":{"start":{"line":33,"column":41},"end":{"line":33,"column":42}},"loc":{"start":{"line":33,"column":50},"end":{"line":33,"column":87}},"line":33},"6":{"name":"(anonymous_6)","decl":{"start":{"line":39,"column":41},"end":{"line":39,"column":42}},"loc":{"start":{"line":39,"column":50},"end":{"line":39,"column":85}},"line":39},"7":{"name":"(anonymous_7)","decl":{"start":{"line":43,"column":41},"end":{"line":43,"column":42}},"loc":{"start":{"line":43,"column":50},"end":{"line":43,"column":104}},"line":43},"8":{"name":"(anonymous_8)","decl":{"start":{"line":46,"column":22},"end":{"line":46,"column":23}},"loc":{"start":{"line":46,"column":32},"end":{"line":46,"column":99}},"line":46},"9":{"name":"(anonymous_9)","decl":{"start":{"line":51,"column":42},"end":{"line":51,"column":43}},"loc":{"start":{"line":51,"column":52},"end":{"line":59,"column":6}},"line":51},"10":{"name":"(anonymous_10)","decl":{"start":{"line":67,"column":2},"end":{"line":67,"column":25}},"loc":{"start":{"line":67,"column":25},"end":{"line":69,"column":null}},"line":67},"11":{"name":"(anonymous_11)","decl":{"start":{"line":71,"column":2},"end":{"line":71,"column":16}},"loc":{"start":{"line":71,"column":16},"end":{"line":74,"column":null}},"line":71}},"branchMap":{"0":{"loc":{"start":{"line":18,"column":4},"end":{"line":20,"column":null}},"type":"if","locations":[{"start":{"line":18,"column":4},"end":{"line":20,"column":null}},{"start":{},"end":{}}],"line":18},"1":{"loc":{"start":{"line":22,"column":4},"end":{"line":24,"column":null}},"type":"if","locations":[{"start":{"line":22,"column":4},"end":{"line":24,"column":null}},{"start":{},"end":{}}],"line":22},"2":{"loc":{"start":{"line":26,"column":4},"end":{"line":28,"column":null}},"type":"if","locations":[{"start":{"line":26,"column":4},"end":{"line":28,"column":null}},{"start":{},"end":{}}],"line":26},"3":{"loc":{"start":{"line":30,"column":4},"end":{"line":34,"column":null}},"type":"if","locations":[{"start":{"line":30,"column":4},"end":{"line":34,"column":null}},{"start":{},"end":{}}],"line":30},"4":{"loc":{"start":{"line":36,"column":4},"end":{"line":40,"column":null}},"type":"if","locations":[{"start":{"line":36,"column":4},"end":{"line":40,"column":null}},{"start":{},"end":{}}],"line":36},"5":{"loc":{"start":{"line":42,"column":4},"end":{"line":44,"column":null}},"type":"if","locations":[{"start":{"line":42,"column":4},"end":{"line":44,"column":null}},{"start":{},"end":{}}],"line":42},"6":{"loc":{"start":{"line":43,"column":50},"end":{"line":43,"column":104}},"type":"binary-expr","locations":[{"start":{"line":43,"column":50},"end":{"line":43,"column":77}},{"start":{"line":43,"column":77},"end":{"line":43,"column":104}}],"line":43},"7":{"loc":{"start":{"line":53,"column":17},"end":{"line":53,"column":null}},"type":"binary-expr","locations":[{"start":{"line":53,"column":17},"end":{"line":53,"column":34}},{"start":{"line":53,"column":34},"end":{"line":53,"column":null}}],"line":53},"8":{"loc":{"start":{"line":54,"column":16},"end":{"line":54,"column":null}},"type":"binary-expr","locations":[{"start":{"line":54,"column":16},"end":{"line":54,"column":32}},{"start":{"line":54,"column":32},"end":{"line":54,"column":null}}],"line":54},"9":{"loc":{"start":{"line":57,"column":15},"end":{"line":57,"column":null}},"type":"binary-expr","locations":[{"start":{"line":57,"column":15},"end":{"line":57,"column":30}},{"start":{"line":57,"column":30},"end":{"line":57,"column":null}}],"line":57}},"s":{"0":77,"1":77,"2":165,"3":27,"4":27,"5":24,"6":114,"7":27,"8":3,"9":9,"10":27,"11":5,"12":13,"13":27,"14":2,"15":2,"16":2,"17":7,"18":27,"19":2,"20":2,"21":2,"22":7,"23":27,"24":4,"25":14,"26":27,"27":76,"28":27,"29":27,"30":27,"31":72,"32":27,"33":4,"34":0,"35":0},"f":{"0":165,"1":27,"2":114,"3":9,"4":13,"5":7,"6":7,"7":14,"8":76,"9":72,"10":4,"11":0},"b":{"0":[24,3],"1":[3,24],"2":[5,22],"3":[2,25],"4":[2,25],"5":[4,23],"6":[14,9],"7":[72,1],"8":[72,21],"9":[72,13]},"meta":{"lastBranch":10,"lastFunction":12,"lastStatement":36,"seen":{"s:4:72:4:Infinity":0,"s:5:19:5:Infinity":1,"f:7:8:7:15":0,"s:8:4:12:Infinity":2,"f:15:8:15:22":1,"s:16:23:16:Infinity":3,"b:18:4:20:Infinity:undefined:undefined:undefined:undefined":0,"s:18:4:20:Infinity":4,"s:19:6:19:Infinity":5,"f:19:41:19:42":2,"s:19:50:19:85":6,"b:22:4:24:Infinity:undefined:undefined:undefined:undefined":1,"s:22:4:24:Infinity":7,"s:23:6:23:Infinity":8,"f:23:41:23:42":3,"s:23:50:23:83":9,"b:26:4:28:Infinity:undefined:undefined:undefined:undefined":2,"s:26:4:28:Infinity":10,"s:27:6:27:Infinity":11,"f:27:41:27:42":4,"s:27:50:27:79":12,"b:30:4:34:Infinity:undefined:undefined:undefined:undefined":3,"s:30:4:34:Infinity":13,"s:31:24:31:Infinity":14,"s:32:6:32:Infinity":15,"s:33:6:33:Infinity":16,"f:33:41:33:42":5,"s:33:50:33:87":17,"b:36:4:40:Infinity:undefined:undefined:undefined:undefined":4,"s:36:4:40:Infinity":18,"s:37:22:37:Infinity":19,"s:38:6:38:Infinity":20,"s:39:6:39:Infinity":21,"f:39:41:39:42":6,"s:39:50:39:85":22,"b:42:4:44:Infinity:undefined:undefined:undefined:undefined":5,"s:42:4:44:Infinity":23,"s:43:6:43:Infinity":24,"f:43:41:43:42":7,"s:43:50:43:104":25,"b:43:50:43:77:43:77:43:104":6,"s:46:4:46:Infinity":26,"f:46:22:46:23":8,"s:46:32:46:99":27,"s:48:18:48:Infinity":28,"s:49:26:49:Infinity":29,"s:51:24:59:Infinity":30,"f:51:42:51:43":9,"s:51:52:59:6":31,"b:53:17:53:34:53:34:53:Infinity":7,"b:54:16:54:32:54:32:54:Infinity":8,"b:57:15:57:30:57:30:57:Infinity":9,"s:61:4:64:Infinity":32,"f:67:2:67:25":10,"s:68:4:68:Infinity":33,"f:71:2:71:16":11,"s:72:4:72:Infinity":34,"s:73:4:73:Infinity":35}}}
[...]
,"column":null}},"32":{"start":{"line":98,"column":4},"end":{"line":100,"column":null}},"33":{"start":{"line":99,"column":6},"end":{"line":99,"column":null}},"34":{"start":{"line":102,"column":19},"end":{"line":102,"column":null}},"35":{"start":{"line":103,"column":4},"end":{"line":105,"column":null}},"36":{"start":{"line":104,"column":6},"end":{"line":104,"column":null}},"37":{"start":{"line":107,"column":21},"end":{"line":107,"column":null}},"38":{"start":{"line":108,"column":4},"end":{"line":110,"column":null}},"39":{"start":{"line":109,"column":6},"end":{"line":109,"column":null}},"40":{"start":{"line":112,"column":4},"end":{"line":138,"column":null}},"41":{"start":{"line":113,"column":29},"end":{"line":113,"column":null}},"42":{"start":{"line":115,"column":41},"end":{"line":121,"column":null}},"43":{"start":{"line":115,"column":73},"end":{"line":121,"column":8}},"44":{"start":{"line":123,"column":6},"end":{"line":133,"column":null}},"45":{"start":{"line":132,"column":10},"end":{"line":132,"column":null}},"46":{"start":{"line":135,"column":6},"end":{"line":135,"column":null}},"47":{"start":{"line":137,"column":6},"end":{"line":137,"column":null}},"48":{"start":{"line":146,"column":27},"end":{"line":146,"column":null}},"49":{"start":{"line":147,"column":4},"end":{"line":149,"column":null}},"50":{"start":{"line":148,"column":6},"end":{"line":148,"column":null}},"51":{"start":{"line":151,"column":10},"end":{"line":151,"column":null}},"52":{"start":{"line":152,"column":4},"end":{"line":161,"column":null}},"53":{"start":{"line":153,"column":50},"end":{"line":153,"column":null}},"54":{"start":{"line":154,"column":6},"end":{"line":157,"column":null}},"55":{"start":{"line":155,"column":21},"end":{"line":155,"column":null}},"56":{"start":{"line":156,"column":8},"end":{"line":156,"column":null}},"57":{"start":{"line":158,"column":25},"end":{"line":158,"column":null}},"58":{"start":{"line":159,"column":27},"end":{"line":159,"column":null}},"59":{"start":{"line":160,"column":6},"end":{"line":160,"column":null}},"60":{"start":{"line":163,"column":19},"end":{"line":163,"column":null}},"61":{"start":{"line":164,"column":4},"end":{"line":166,"column":null}},"62":{"start":{"line":165,"column":6},"end":{"line":165,"column":null}},"63":{"start":{"line":168,"column":20},"end":{"line":168,"column":null}},"64":{"start":{"line":169,"column":4},"end":{"line":171,"column":null}},"65":{"start":{"line":170,"column":6},"end":{"line":170,"column":null}},"66":{"start":{"line":173,"column":4},"end":{"line":196,"column":null}},"67":{"start":{"line":174,"column":22},"end":{"line":174,"column":null}},"68":{"start":{"line":176,"column":6},"end":{"line":186,"column":null}},"69":{"start":{"line":185,"column":10},"end":{"line":185,"column":null}},"70":{"start":{"line":188,"column":6},"end":{"line":193,"column":null}},"71":{"start":{"line":195,"column":6},"end":{"line":195,"column":null}},"72":{"start":{"line":200,"column":27},"end":{"line":200,"column":null}},"73":{"start":{"line":201,"column":4},"end":{"line":203,"column":null}},"74":{"start":{"line":202,"column":6},"end":{"line":202,"column":null}},"75":{"start":{"line":205,"column":19},"end":{"line":205,"column":null}},"76":{"start":{"line":206,"column":4},"end":{"line":208,"column":null}},"77":{"start":{"line":207,"column":6},"end":{"line":207,"column":null}},"78":{"start":{"line":210,"column":20},"end":{"line":210,"column":null}},"79":{"start":{"line":211,"column":4},"end":{"line":213,"column":null}},"80":{"start":{"line":212,"column":6},"end":{"line":212,"column":null}},"81":{"start":{"line":215,"column":4},"end":{"line":233,"column":null}},"82":{"start":{"line":216,"column":6},"end":{"line":216,"column":null}},"83":{"start":{"line":218,"column":6},"end":{"line":228,"column":null}},"84":{"start":{"line":227,"column":10},"end":{"line":227,"column":null}},"85":{"start":{"line":230,"column":6},"end":{"line":230,"column":null}},"86":{"start":{"line":232,"column":6},"end":{"line":232,"column":null}}},"fnMap":{"0":{"name":"(anonymous_0)","decl":{"start":{"line":19,"column":2},"end":{"line":19,"column":null}},"loc":{"start":{"line":23,"column":4},"end":{"line":23,"column":null}},"line":23},"1":{"name":"(anonymous_1)","decl":{"start":{"line":25,"column":8},"end":{"line":25,"column":null}},"loc":{"start":{"line":28,"column":59},"end":{"line":66,"column":null}},"line":28},"2":{"name":"(anonymous_2)","decl":{"start":{"line":32,"column":44},"end":{"line":32,"column":45}},"loc":{"start":{"line":32,"column":67},"end":{"line":35,"column":7}},"line":32},"3":{"name":"(anonymous_3)","decl":{"start":{"line":53,"column":15},"end":{"line":53,"column":16}},"loc":{"start":{"line":53,"column":26},"end":{"line":55,"column":9}},"line":53},"4":{"name":"(anonymous_4)","decl":{"start":{"line":68,"column":8},"end":{"line":68,"column":25}},"loc":{"start":{"line":68,"column":107},"end":{"line":94,"column":null}},"line":68},"5":{"name":"(anonymous_5)","decl":{"start":{"line":96,"column":8},"end":{"line":96,"column":25}},"loc":{"start":{"line":96,"column":108},"end":{"line":139,"column":null}},"line":96},"6":{"name":"(anonymous_6)","decl":{"start":{"line":115,"column":60},"end":{"line":115,"column":61}},"loc":{"start":{"line":115,"column":73},"end":{"line":121,"column":8}},"line":115},"7":{"name":"(anonymous_7)","decl":{"start":{"line":131,"column":15},"end":{"line":131,"column":16}},"loc":{"start":{"line":131,"column":26},"end":{"line":133,"column":9}},"line":131},"8":{"name":"(anonymous_8)","decl":{"start":{"line":141,"column":8},"end":{"line":141,"column":null}},"loc":{"start":{"line":145,"column":59},"end":{"line":197,"column":null}},"line":145},"9":{"name":"(anonymous_9)","decl":{"start":{"line":154,"column":44},"end":{"line":154,"column":45}},"loc":{"start":{"line":154,"column":67},"end":{"line":157,"column":7}},"line":154},"10":{"name":"(anonymous_10)","decl":{"start":{"line":184,"column":15},"end":{"line":184,"column":16}},"loc":{"start":{"line":184,"column":26},"end":{"line":186,"column":9}},"line":184},"11":{"name":"(anonymous_11)","decl":{"start":{"line":199,"column":8},"end":{"line":199,"column":21}},"loc":{"start":{"line":199,"column":91},"end":{"line":234,"column":null}},"line":199},"12":{"name":"(anonymous_12)","decl":{"start":{"line":226,"column":15},"end":{"line":226,"column":16}},"loc":{"start":{"line":226,"column":26},"end":{"line":228,"column":9}},"line":226}},"branchMap":{"0":{"loc":{"start":{"line":30,"column":4},"end":{"line":39,"column":null}},"type":"if","locations":[{"start":{"line":30,"column":4},"end":{"line":39,"column":null}},{"start":{},"end":{}}],"line":30},"1":{"loc":{"start":{"line":37,"column":27},"end":{"line":37,"column":null}},"type":"cond-expr","locations":[{"start":{"line":37,"column":40},"end":{"line":37,"column":61}},{"start":{"line":37,"column":61},"end":{"line":37,"column":null}}],"line":37},"2":{"loc":{"start":{"line":70,"column":4},"end":{"line":72,"column":null}},"type":"if","locations":[{"start":{"line":70,"column":4},"end":{"line":72,"column":null}},{"start":{},"end":{}}],"line":70},"3":{"loc":{"start":{"line":75,"column":4},"end":{"line":77,"column":null}},"type":"if","locations":[{"start":{"line":75,"column":4},"end":{"line":77,"column":null}},{"start":{},"end":{}}],"line":75},"4":{"loc":{"start":{"line":80,"column":4},"end":{"line":82,"column":null}},"type":"if","locations":[{"start":{"line":80,"column":4},"end":{"line":82,"column":null}},{"start":{},"end":{}}],"line":80},"5":{"loc":{"start":{"line":98,"column":4},"end":{"line":100,"column":null}},"type":"if","locations":[{"start":{"line":98,"column":4},"end":{"line":100,"column":null}},{"start":{},"end":{}}],"line":98},"6":{"loc":{"start":{"line":103,"column":4},"end":{"line":105,"column":null}},"type":"if","locations":[{"start":{"line":103,"column":4},"end":{"line":105,"column":null}},{"start":{},"end":{}}],"line":103},"7":{"loc":{"start":{"line":108,"column":4},"end":{"line":110,"column":null}},"type":"if","locations":[{"start":{"line":108,"column":4},"end":{"line":110,"column":null}},{"start":{},"end":{}}],"line":108},"8":{"loc":{"start":{"line":147,"column":4},"end":{"line":149,"column":null}},"type":"if","locations":[{"start":{"line":147,"column":4},"end":{"line":149,"column":null}},{"start":{},"end":{}}],"line":147},"9":{"loc":{"start":{"line":152,"column":4},"end":{"line":161,"column":null}},"type":"if","locations":[{"start":{"line":152,"column":4},"end":{"line":161,"column":null}},{"start":{},"end":{}}],"line":152},"10":{"loc":{"start":{"line":159,"column":27},"end":{"line":159,"column":null}},"type":"cond-expr","locations":[{"start":{"line":159,"column":40},"end":{"line":159,"column":61}},{"start":{"line":159,"column":61},"end":{"line":159,"column":null}}],"line":159},"11":{"loc":{"start":{"line":164,"column":4},"end":{"line":166,"column":null}},"type":"if","locations":[{"start":{"line":164,"column":4},"end":{"line":166,"column":null}},{"start":{},"end":{}}],"line":164},"12":{"loc":{"start":{"line":169,"column":4},"end":{"line":171,"column":null}},"type":"if","locations":[{"start":{"line":169,"column":4},"end":{"line":171,"column":null}},{"start":{},"end":{}}],"line":169},"13":{"loc":{"start":{"line":201,"column":4},"end":{"line":203,"column":null}},"type":"if","locations":[{"start":{"line":201,"column":4},"end":{"line":203,"column":null}},{"start":{},"end":{}}],"line":201},"14":{"loc":{"start":{"line":206,"column":4},"end":{"line":208,"column":null}},"type":"if","locations":[{"start":{"line":206,"column":4},"end":{"line":208,"column":null}},{"start":{},"end":{}}],"line":206},"15":{"loc":{"start":{"line":211,"column":4},"end":{"line":213,"column":null}},"type":"if","locations":[{"start":{"line":211,"column":4},"end":{"line":213,"column":null}},{"start":{},"end":{}}],"line":211}},"s":{"0":39,"1":39,"2":39,"3":5,"4":5,"5":3,"6":3,"7":3,"8":3,"9":3,"10":3,"11":3,"12":2,"13":2,"14":2,"15":2,"16":0,"17":2,"18":0,"19":5,"20":5,"21":1,"22":4,"23":4,"24":1,"25":3,"26":3,"27":1,"28":2,"29":2,"30":2,"31":16,"32":16,"33":1,"34":15,"35":15,"36":2,"37":13,"38":13,"39":2,"40":11,"41":11,"42":11,"43":19,"44":11,"45":0,"46":11,"47":0,"48":8,"49":8,"50":1,"51":7,"52":7,"53":3,"54":3,"55":3,"56":3,"57":3,"58":3,"59":3,"60":4,"61":4,"62":1,"63":3,"64":3,"65":1,"66":2,"67":2,"68":2,"69":0,"70":2,"71":0,"72":5,"73":5,"74":1,"75":4,"76":4,"77":1,"78":3,"79":3,"80":1,"81":2,"82":2,"83":2,"84":0,"85":2,"86":0},"f":{"0":39,"1":5,"2":3,"3":0,"4":5,"5":16,"6":19,"7":0,"8":8,"9":3,"10":0,"11":5,"12":0},"b":{"0":[3,2],"1":[3,0],"2":[1,4],"3":[1,3],"4":[1,2],"5":[1,15],"6":[2,13],"7":[2,11],"8":[1,7],"9":[3,4],"10":[3,0],"11":[1,3],"12":[1,2],"13":[1,4],"14":[1,3],"15":[1,2]},"meta":{"lastBranch":16,"lastFunction":13,"lastStatement":87,"seen":{"f:19:2:19:Infinity":0,"s:20:21:20:Infinity":0,"s:21:21:21:Infinity":1,"s:22:21:22:Infinity":2,"f:25:8:25:Infinity":1,"s:29:10:29:Infinity":3,"b:30:4:39:Infinity:undefined:undefined:undefined:undefined":0,"s:30:4:39:Infinity":4,"s:31:50:31:Infinity":5,"s:32:6:35:Infinity":6,"f:32:44:32:45":2,"s:33:21:33:Infinity":7,"s:34:8:34:Infinity":8,"s:36:25:36:Infinity":9,"s:37:27:37:Infinity":10,"b:37:40:37:61:37:61:37:Infinity":1,"s:38:6:38:Infinity":11,"s:41:4:65:Infinity":12,"s:42:21:42:Infinity":13,"s:43:6:43:Infinity":14,"s:45:6:55:Infinity":15,"f:53:15:53:16":3,"s:54:10:54:Infinity":16,"s:57:6:62:Infinity":17,"s:64:6:64:Infinity":18,"f:68:8:68:25":4,"s:69:27:69:Infinity":19,"b:70:4:72:Infinity:undefined:undefined:undefined:undefined":2,"s:70:4:72:Infinity":20,"s:71:6:71:Infinity":21,"s:74:19:74:Infinity":22,"b:75:4:77:Infinity:undefined:undefined:undefined:undefined":3,"s:75:4:77:Infinity":23,"s:76:6:76:Infinity":24,"s:79:21:79:Infinity":25,"b:80:4:82:Infinity:undefined:undefined:undefined:undefined":4,"s:80:4:82:Infinity":26,"s:81:6:81:Infinity":27,"s:84:20:84:Infinity":28,"s:85:21:85:Infinity":29,"s:87:4:93:Infinity":30,"f:96:8:96:25":5,"s:97:27:97:Infinity":31,"b:98:4:100:Infinity:undefined:undefined:undefined:undefined":5,"s:98:4:100:Infinity":32,"s:99:6:99:Infinity":33,"s:102:19:102:Infinity":34,"b:103:4:105:Infinity:undefined:undefined:undefined:undefined":6,"s:103:4:105:Infinity":35,"s:104:6:104:Infinity":36,"s:107:21:107:Infinity":37,"b:108:4:110:Infinity:undefined:undefined:undefined:undefined":7,"s:108:4:110:Infinity":38,"s:109:6:109:Infinity":39,"s:112:4:138:Infinity":40,"s:113:29:113:Infinity":41,"s:115:41:121:Infinity":42,"f:115:60:115:61":6,"s:115:73:121:8":43,"s:123:6:133:Infinity":44,"f:131:15:131:16":7,"s:132:10:132:Infinity":45,"s:135:6:135:Infinity":46,"s:137:6:137:Infinity":47,"f:141:8:141:Infinity":8,"s:146:27:146:Infinity":48,"b:147:4:149:Infinity:undefined:undefined:undefined:undefined":8,"s:147:4:149:Infinity":49,"s:148:6:148:Infinity":50,"s:151:10:151:Infinity":51,"b:152:4:161:Infinity:undefined:undefined:undefined:undefined":9,"s:152:4:161:Infinity":52,"s:153:50:153:Infinity":53,"s:154:6:157:Infinity":54,"f:154:44:154:45":9,"s:155:21:155:Infinity":55,"s:156:8:156:Infinity":56,"s:158:25:158:Infinity":57,"s:159:27:159:Infinity":58,"b:159:40:159:61:159:61:159:Infinity":10,"s:160:6:160:Infinity":59,"s:163:19:163:Infinity":60,"b:164:4:166:Infinity:undefined:undefined:undefined:undefined":11,"s:164:4:166:Infinity":61,"s:165:6:165:Infinity":62,"s:168:20:168:Infinity":63,"b:169:4:171:Infinity:undefined:undefined:undefined:undefined":12,"s:169:4:171:Infinity":64,"s:170:6:170:Infinity":65,"s:173:4:196:Infinity":66,"s:174:22:174:Infinity":67,"s:176:6:186:Infinity":68,"f:184:15:184:16":10,"s:185:10:185:Infinity":69,"s:188:6:193:Infinity":70,"s:195:6:195:Infinity":71,"f:199:8:199:21":11,"s:200:27:200:Infinity":72,"b:201:4:203:Infinity:undefined:undefined:undefined:undefined":13,"s:201:4:203:Infinity":73,"s:202:6:202:Infinity":74,"s:205:19:205:Infinity":75,"b:206:4:208:Infinity:undefined:undefined:undefined:undefined":14,"s:206:4:208:Infinity":76,"s:207:6:207:Infinity":77,"s:210:20:210:Infinity":78,"b:211:4:213:Infinity:undefined:undefined:undefined:undefined":15,"s:211:4:213:Infinity":79,"s:212:6:212:Infinity":80,"s:215:4:233:Infinity":81,"s:216:6:216:Infinity":82,"s:218:6:228:Infinity":83,"f:226:15:226:16":12,"s:227:10:227:Infinity":84,"s:230:6:230:Infinity":85,"s:232:6:232:Infinity":86}}}
,"/Users/danielmarczydlo/Workspace/HomePlanner/src/services/LogService.ts": {"path":"/Users/danielmarczydlo/Workspace/HomePlanner/src/services/LogService.ts","statementMap":{"0":{"start":{"line":10,"column":21},"end":{"line":10,"column":null}},"1":{"start":{"line":11,"column":21},"end":{"line":11,"column":null}},"2":{"start":{"line":15,"column":4},"end":{"line":17,"column":null}},"3":{"start":{"line":16,"column":6},"end":{"line":16,"column":null}},"4":{"start":{"line":19,"column":4},"end":{"line":78,"column":null}},"5":{"start":{"line":20,"column":6},"end":{"line":25,"column":null}},"6":{"start":{"line":21,"column":25},"end":{"line":21,"column":null}},"7":{"start":{"line":22,"column":8},"end":{"line":24,"column":null}},"8":{"start":{"line":23,"column":10},"end":{"line":23,"column":null}},"9":{"start":{"line":27,"column":20},"end":{"line":27,"column":null}},"10":{"start":{"line":29,"column":6},"end":{"line":40,"column":null}},"11":{"start":{"line":30,"column":8},"end":{"line":30,"column":null}},"12":{"start":{"line":32,"column":29},"end":{"line":32,"column":null}},"13":{"start":{"line":33,"column":8},"end":{"line":39,"column":null}},"14":{"start":{"line":34,"column":32},"end":{"line":34,"column":null}},"15":{"start":{"line":35,"column":10},"end":{"line":38,"column":null}},"16":{"start":{"line":36,"column":12},"end":{"line":36,"column":null}},"17":{"start":{"line":37,"column":12},"end":{"line":37,"column":null}},"18":{"start":{"line":42,"column":22},"end":{"line":50,"column":null}},"19":{"start":{"line":52,"column":21},"end":{"line":52,"column":null}},"20":{"start":{"line":54,"column":32},"end":{"line":62,"column":null}},"21":{"start":{"line":54,"column":58},"end":{"line":62,"column":8}},"22":{"start":{"line":64,"column":44},"end":{"line":72,"column":null}},"23":{"start":{"line":74,"column":6},"end":{"line":74,"column":null}},"24":{"start":{"line":76,"column":6},"end":{"line":76,"column":null}},"25":{"start":{"line":77,"column":6},"end":{"line":77,"column":null}}},"fnMap":{"0":{"name":"(anonymous_0)","decl":{"start":{"line":9,"column":2},"end":{"line":9,"column":null}},"loc":{"start":{"line":12,"column":4},"end":{"line":12,"column":null}},"line":12},"1":{"name":"(anonymous_1)","decl":{"start":{"line":14,"column":8},"end":{"line":14,"column":17}},"loc":{"start":{"line":14,"column":106},"end":{"line":79,"column":null}},"line":14},"2":{"name":"(anonymous_2)","decl":{"start":{"line":54,"column":48},"end":{"line":54,"column":49}},"loc":{"start":{"line":54,"column":58},"end":{"line":62,"column":8}},"line":54}},"branchMap":{"0":{"loc":{"start":{"line":15,"column":4},"end":{"line":17,"column":null}},"type":"if","locations":[{"start":{"line":15,"column":4},"end":{"line":17,"column":null}},{"start":{},"end":{}}],"line":15},"1":{"loc":{"start":{"line":15,"column":8},"end":{"line":15,"column":47}},"type":"binary-expr","locations":[{"start":{"line":15,"column":8},"end":{"line":15,"column":19}},{"start":{"line":15,"column":19},"end":{"line":15,"column":47}}],"line":15},"2":{"loc":{"start":{"line":20,"column":6},"end":{"line":25,"column":null}},"type":"if","locations":[{"start":{"line":20,"column":6},"end":{"line":25,"column":null}},{"start":{},"end":{}}],"line":20},"3":{"loc":{"start":{"line":22,"column":8},"end":{"line":24,"column":null}},"type":"if","locations":[{"start":{"line":22,"column":8},"end":{"line":24,"column":null}},{"start":{},"end":{}}],"line":22},"4":{"loc":{"start":{"line":29,"column":6},"end":{"line":40,"column":null}},"type":"if","locations":[{"start":{"line":29,"column":6},"end":{"line":40,"column":null}},{"start":{"line":31,"column":13},"end":{"line":40,"column":null}}],"line":29},"5":{"loc":{"start":{"line":35,"column":10},"end":{"line":38,"column":null}},"type":"if","locations":[{"start":{"line":35,"column":10},"end":{"line":38,"column":null}},{"start":{},"end":{}}],"line":35},"6":{"loc":{"start":{"line":46,"column":20},"end":{"line":46,"column":null}},"type":"cond-expr","locations":[{"start":{"line":46,"column":39},"end":{"line":46,"column":68}},{"start":{"line":46,"column":68},"end":{"line":46,"column":null}}],"line":46},"7":{"loc":{"start":{"line":47,"column":18},"end":{"line":47,"column":null}},"type":"cond-expr","locations":[{"start":{"line":47,"column":35},"end":{"line":47,"column":62}},{"start":{"line":47,"column":62},"end":{"line":47,"column":null}}],"line":47}},"s":{"0":30,"1":30,"2":31,"3":1,"4":30,"5":30,"6":27,"7":27,"8":2,"9":28,"10":28,"11":25,"12":3,"13":3,"14":4,"15":4,"16":2,"17":2,"18":28,"19":31,"20":27,"21":72,"22":27,"23":27,"24":1,"25":1},"f":{"0":30,"1":31,"2":72},"b":{"0":[1,30],"1":[31,30],"2":[27,3],"3":[2,25],"4":[25,3],"5":[2,2],"6":[2,26],"7":[2,26]},"meta":{"lastBranch":8,"lastFunction":3,"lastStatement":26,"seen":{"f:9:2:9:Infinity":0,"s:10:21:10:Infinity":0,"s:11:21:11:Infinity":1,"f:14:8:14:17":1,"b:15:4:17:Infinity:undefined:undefined:undefined:undefined":0,"s:15:4:17:Infinity":2,"b:15:8:15:19:15:19:15:47":1,"s:16:6:16:Infinity":3,"s:19:4:78:Infinity":4,"b:20:6:25:Infinity:undefined:undefined:undefined:undefined":2,"s:20:6:25:Infinity":5,"s:21:25:21:Infinity":6,"b:22:8:24:Infinity:undefined:undefined:undefined:undefined":3,"s:22:8:24:Infinity":7,"s:23:10:23:Infinity":8,"s:27:20:27:Infinity":9,"b:29:6:40:Infinity:31:13:40:Infinity":4,"s:29:6:40:Infinity":10,"s:30:8:30:Infinity":11,"s:32:29:32:Infinity":12,"s:33:8:39:Infinity":13,"s:34:32:34:Infinity":14,"b:35:10:38:Infinity:undefined:undefined:undefined:undefined":5,"s:35:10:38:Infinity":15,"s:36:12:36:Infinity":16,"s:37:12:37:Infinity":17,"s:42:22:50:Infinity":18,"b:46:39:46:68:46:68:46:Infinity":6,"b:47:35:47:62:47:62:47:Infinity":7,"s:52:21:52:Infinity":19,"s:54:32:62:Infinity":20,"f:54:48:54:49":2,"s:54:58:62:8":21,"s:64:44:72:Infinity":22,"s:74:6:74:Infinity":23,"s:76:6:76:Infinity":24,"s:77:6:77:Infinity":25}}}
}
